2024-06-06 21:46:07,532 [ERROR] LogOutputStream:75 - [STDERR_REDIRECT] 
2024-06-06 21:46:39,581 [INFO] Activator:176 - 


2024-06-06 21:46:39,582 [INFO] Activator:177 - !SESSION log4j initialized
2024-06-06 21:46:41,879 [INFO] LogOutputStream:77 - [STDOUT_REDIRECT] 
2024-06-06 21:46:43,777 [INFO] ApplicationProperties:184 - Using Application install path: C:\ST\STM32CubeIDE_1.15.1\STM32CubeIDE\plugins\com.st.stm32cube.common.mx_6.11.1.202404110753
2024-06-06 21:46:43,788 [INFO] DbMcusXml:78 - Set database path to: C:\ST\STM32CubeIDE_1.15.1\STM32CubeIDE\plugins\com.st.stm32cube.common.mx_6.11.1.202404110753\\db\/mcu/
2024-06-06 21:46:43,788 [INFO] ApiDb:274 - Set plugin database path to: C:\ST\STM32CubeIDE_1.15.1\STM32CubeIDE\plugins\com.st.stm32cube.common.mx_6.11.1.202404110753\\db\/plugins/boardmanager/
2024-06-06 21:46:43,788 [WARN] ApiDb:259 - Overriding images path with different value:  => C:\ST\STM32CubeIDE_1.15.1\STM32CubeIDE\plugins\com.st.stm32cube.common.mx_6.11.1.202404110753\\db\/plugins/mcufinder/images/
2024-06-06 21:46:43,792 [INFO] ApiDb:250 - Set database path to: C:\Users\z0976\.stmcufinder\plugins\mcufinder//mcu/
2024-06-06 21:46:43,793 [INFO] DbMcusAds:125 - Set database path to: C:\Users\z0976\.stmcufinder\plugins\mcufinder//mcu/
2024-06-06 21:46:43,794 [INFO] CrossReferenceDbSqlite:203 - Set database path to: C:\Users\z0976\.stmcufinder\plugins\mcufinder//mcu/cs/
2024-06-06 21:46:43,872 [INFO] RulesReader:64 - Compatibility file has been processed (297 Rules)
2024-06-06 21:46:43,922 [INFO] DbMcusXml:78 - Set database path to: C:\ST\STM32CubeIDE_1.15.1\STM32CubeIDE\plugins\com.st.stm32cube.common.mx_6.11.1.202404110753\\db\/mcu/
2024-06-06 21:46:43,922 [INFO] ApiDb:274 - Set plugin database path to: C:\ST\STM32CubeIDE_1.15.1\STM32CubeIDE\plugins\com.st.stm32cube.common.mx_6.11.1.202404110753\\db\/plugins/boardmanager/
2024-06-06 21:46:43,922 [INFO] ApiDb:261 - Set plugin images path to: C:\ST\STM32CubeIDE_1.15.1\STM32CubeIDE\plugins\com.st.stm32cube.common.mx_6.11.1.202404110753\\db\/plugins/mcufinder/images/
2024-06-06 21:46:43,922 [WARN] DbFile:41 - Overriding database path with different value: C:\Users\z0976\.stmcufinder\plugins\mcufinder/ => C:\Users\z0976\.stmcufinder\plugins\mcufinder
2024-06-06 21:46:43,923 [INFO] ApiDb:250 - Set database path to: C:\Users\z0976\.stmcufinder\plugins\mcufinder//mcu/
2024-06-06 21:46:43,923 [WARN] DbFile:41 - Overriding database path with different value: C:\Users\z0976\.stmcufinder\plugins\mcufinder/ => C:\Users\z0976\.stmcufinder\plugins\mcufinder
2024-06-06 21:46:43,923 [INFO] DbMcusAds:125 - Set database path to: C:\Users\z0976\.stmcufinder\plugins\mcufinder//mcu/
2024-06-06 21:46:43,923 [WARN] DbFile:41 - Overriding database path with different value: C:\Users\z0976\.stmcufinder\plugins\mcufinder/ => C:\Users\z0976\.stmcufinder\plugins\mcufinder
2024-06-06 21:46:43,923 [WARN] DbFile:41 - Overriding database path with different value: C:\Users\z0976\.stmcufinder\plugins\mcufinder/ => C:\Users\z0976\.stmcufinder\plugins\mcufinder
2024-06-06 21:46:43,923 [INFO] CrossReferenceDbSqlite:203 - Set database path to: C:\Users\z0976\.stmcufinder\plugins\mcufinder//mcu/cs/
2024-06-06 21:46:43,963 [INFO] MainPanel:264 - HeapMemory: 268435456
2024-06-06 21:46:44,005 [INFO] DbMcusXml:78 - Set database path to: C:\ST\STM32CubeIDE_1.15.1\STM32CubeIDE\plugins\com.st.stm32cube.common.mx_6.11.1.202404110753\\db\/mcu/
2024-06-06 21:46:44,005 [INFO] ApiDb:274 - Set plugin database path to: C:\ST\STM32CubeIDE_1.15.1\STM32CubeIDE\plugins\com.st.stm32cube.common.mx_6.11.1.202404110753\\db\/plugins/boardmanager/
2024-06-06 21:46:44,005 [INFO] ApiDb:261 - Set plugin images path to: C:\ST\STM32CubeIDE_1.15.1\STM32CubeIDE\plugins\com.st.stm32cube.common.mx_6.11.1.202404110753\\db\/plugins/mcufinder/images/
2024-06-06 21:46:44,006 [WARN] DbFile:41 - Overriding database path with different value: C:\Users\z0976\.stmcufinder\plugins\mcufinder/ => C:\Users\z0976\.stmcufinder\plugins\mcufinder
2024-06-06 21:46:44,006 [INFO] ApiDb:250 - Set database path to: C:\Users\z0976\.stmcufinder\plugins\mcufinder//mcu/
2024-06-06 21:46:44,006 [WARN] DbFile:41 - Overriding database path with different value: C:\Users\z0976\.stmcufinder\plugins\mcufinder/ => C:\Users\z0976\.stmcufinder\plugins\mcufinder
2024-06-06 21:46:44,006 [INFO] DbMcusAds:125 - Set database path to: C:\Users\z0976\.stmcufinder\plugins\mcufinder//mcu/
2024-06-06 21:46:44,006 [WARN] DbFile:41 - Overriding database path with different value: C:\Users\z0976\.stmcufinder\plugins\mcufinder/ => C:\Users\z0976\.stmcufinder\plugins\mcufinder
2024-06-06 21:46:44,006 [WARN] DbFile:41 - Overriding database path with different value: C:\Users\z0976\.stmcufinder\plugins\mcufinder/ => C:\Users\z0976\.stmcufinder\plugins\mcufinder
2024-06-06 21:46:44,006 [INFO] CrossReferenceDbSqlite:203 - Set database path to: C:\Users\z0976\.stmcufinder\plugins\mcufinder//mcu/cs/
2024-06-06 21:46:44,017 [INFO] ApplicationProperties:184 - Using Application install path: C:\ST\STM32CubeIDE_1.15.1\STM32CubeIDE\plugins\com.st.stm32cube.common.mx_6.11.1.202404110753
2024-06-06 21:46:44,018 [INFO] PluginManage:196 - Search for loadable plugins [exclusion list=, ]
2024-06-06 21:46:44,019 [INFO] PluginManage:310 - Check plugin analytics
2024-06-06 21:46:44,154 [INFO] AnalyticsPlugin:253 - Accepted Software Licenses: 
2024-06-06 21:46:44,154 [INFO] AnalyticsPlugin:255 - Accepted CMSIS Pack Licenses: 
2024-06-06 21:46:44,154 [INFO] AnalyticsPlugin:257 - Accepted Firmware Licenses: 
2024-06-06 21:46:44,157 [INFO] PluginManage:359 - Loaded plugin analytics (category:tool,tabindex:-1)
2024-06-06 21:46:44,157 [INFO] PluginManage:310 - Check plugin cadmodel
2024-06-06 21:46:44,168 [INFO] CADModel:105 - Init CAD model plugin
2024-06-06 21:46:44,168 [INFO] PluginManage:359 - Loaded plugin cadmodel (category:power,tabindex:5)
2024-06-06 21:46:44,168 [INFO] PluginManage:310 - Check plugin clock
2024-06-06 21:46:44,184 [INFO] PluginManage:359 - Loaded plugin clock (category:base,tabindex:2)
2024-06-06 21:46:44,184 [INFO] PluginManage:310 - Check plugin ddr
2024-06-06 21:46:44,185 [INFO] PluginManage:359 - Loaded plugin ddr (category:tool,tabindex:6)
2024-06-06 21:46:44,185 [INFO] PluginManage:310 - Check plugin filemanager
2024-06-06 21:46:44,294 [INFO] PluginManage:359 - Loaded plugin filemanager (category:base,tabindex:10)
2024-06-06 21:46:44,294 [INFO] PluginManage:310 - Check plugin ipmanager
2024-06-06 21:46:44,298 [INFO] PluginManage:359 - Loaded plugin ipmanager (category:base,tabindex:5)
2024-06-06 21:46:44,298 [INFO] PluginManage:310 - Check plugin lpbam
2024-06-06 21:46:44,313 [INFO] PluginManage:359 - Loaded plugin lpbam (category:base,tabindex:0)
2024-06-06 21:46:44,313 [INFO] PluginManage:310 - Check plugin memorymap
2024-06-06 21:46:44,325 [INFO] PluginManage:359 - Loaded plugin memorymap (category:base,tabindex:4)
2024-06-06 21:46:44,325 [INFO] PluginManage:310 - Check plugin pinoutandconfiguration
2024-06-06 21:46:44,340 [INFO] PluginManage:359 - Loaded plugin pinoutandconfiguration (category:base,tabindex:1)
2024-06-06 21:46:44,340 [INFO] PluginManage:310 - Check plugin pinoutconfig
2024-06-06 21:46:44,397 [WARN] SupportedApi:132 - Cannot load RTOS API schema: s4s-elt-must-match.1: The content of 'definitions' must match (annotation?, (simpleType | complexType)?, (unique | key | keyref)*)). A problem was found starting at: attribute.
2024-06-06 21:46:44,465 [INFO] PluginManage:359 - Loaded plugin pinoutconfig (category:base,tabindex:0)
2024-06-06 21:46:44,465 [INFO] PluginManage:310 - Check plugin power
2024-06-06 21:46:44,475 [INFO] PluginManage:359 - Loaded plugin power (category:power,tabindex:4)
2024-06-06 21:46:44,475 [INFO] PluginManage:310 - Check plugin projectmanager
2024-06-06 21:46:44,485 [INFO] PluginManage:359 - Loaded plugin projectmanager (category:projectmanager,tabindex:3)
2024-06-06 21:46:44,485 [INFO] PluginManage:310 - Check plugin thirdparty
2024-06-06 21:46:44,644 [INFO] PluginManage:359 - Loaded plugin thirdparty (category:base,tabindex:-1)
2024-06-06 21:46:44,644 [INFO] PluginManage:310 - Check plugin tools
2024-06-06 21:46:44,644 [WARN] IntegrityCheckThread:84 - waiting for thirdparty lock release [integrity check]
2024-06-06 21:46:44,644 [INFO] IntegrityCheckThread:86 - entering critical section [integrity check]
2024-06-06 21:46:44,645 [INFO] ThirdPartyUpdaterWithRetryManager:70 - Updater plugin not ready yet. [1/15]
2024-06-06 21:46:44,666 [INFO] PluginManage:359 - Loaded plugin tools (category:base,tabindex:7)
2024-06-06 21:46:44,666 [INFO] PluginManage:310 - Check plugin tutovideos
2024-06-06 21:46:44,776 [INFO] PluginManage:359 - Loaded plugin tutovideos (category:base,tabindex:-1)
2024-06-06 21:46:44,776 [INFO] PluginManage:310 - Check plugin updater
2024-06-06 21:46:44,782 [INFO] PluginManage:359 - Loaded plugin updater (category:base,tabindex:12)
2024-06-06 21:46:44,783 [INFO] PluginManage:310 - Check plugin userauth
2024-06-06 21:46:44,785 [INFO] UserAuth:114 - Init User Auth plugin
2024-06-06 21:46:44,785 [INFO] PluginManage:359 - Loaded plugin userauth (category:base,tabindex:14)
2024-06-06 21:46:44,786 [INFO] PluginManage:283 - PluginManage : Loaded plugins [17]
2024-06-06 21:46:44,912 [INFO] PinOutPanel:1561 - setPackage(No Configuration,No Configuration)
2024-06-06 21:46:44,958 [INFO] CADModel:165 - CPN selected for project level
2024-06-06 21:46:44,958 [INFO] CADModel:114 - Register for checkConnection events
2024-06-06 21:46:44,977 [INFO] IPUIPlugin:80 - create IPUIPlugin
2024-06-06 21:46:44,977 [INFO] PluginManager:220 - loadIPPluginJar : add adc
2024-06-06 21:46:45,003 [INFO] IPUIPlugin:80 - create IPUIPlugin
2024-06-06 21:46:45,003 [INFO] PluginManager:220 - loadIPPluginJar : add aes
2024-06-06 21:46:45,030 [INFO] IPUIPlugin:80 - create IPUIPlugin
2024-06-06 21:46:45,030 [INFO] PluginManager:220 - loadIPPluginJar : add can
2024-06-06 21:46:45,045 [INFO] IPUIPlugin:80 - create IPUIPlugin
2024-06-06 21:46:45,045 [INFO] PluginManager:220 - loadIPPluginJar : add comp
2024-06-06 21:46:45,064 [INFO] IPUIPlugin:80 - create IPUIPlugin
2024-06-06 21:46:45,064 [INFO] PluginManager:220 - loadIPPluginJar : add cryp
2024-06-06 21:46:45,083 [INFO] IPUIPlugin:80 - create IPUIPlugin
2024-06-06 21:46:45,083 [INFO] PluginManager:220 - loadIPPluginJar : add dfsdm
2024-06-06 21:46:45,090 [INFO] IPUIPlugin:80 - create IPUIPlugin
2024-06-06 21:46:45,090 [INFO] PluginManager:220 - loadIPPluginJar : add dma
2024-06-06 21:46:45,119 [INFO] IPUIPlugin:80 - create IPUIPlugin
2024-06-06 21:46:45,119 [INFO] PluginManager:220 - loadIPPluginJar : add dma3
2024-06-06 21:46:45,148 [INFO] IPUIPlugin:80 - create IPUIPlugin
2024-06-06 21:46:45,148 [INFO] PluginManager:220 - loadIPPluginJar : add extmemmanager
2024-06-06 21:46:45,161 [INFO] IPUIPlugin:80 - create IPUIPlugin
2024-06-06 21:46:45,162 [INFO] PluginManager:220 - loadIPPluginJar : add fatfs
2024-06-06 21:46:45,197 [INFO] IPUIPlugin:80 - create IPUIPlugin
2024-06-06 21:46:45,197 [INFO] PluginManager:220 - loadIPPluginJar : add fmc
2024-06-06 21:46:45,207 [INFO] IPUIPlugin:80 - create IPUIPlugin
2024-06-06 21:46:45,207 [INFO] PluginManager:220 - loadIPPluginJar : add freertos
2024-06-06 21:46:45,222 [INFO] IPUIPlugin:80 - create IPUIPlugin
2024-06-06 21:46:45,222 [INFO] PluginManager:220 - loadIPPluginJar : add genericplugin
2024-06-06 21:46:45,292 [INFO] IPUIPlugin:80 - create IPUIPlugin
2024-06-06 21:46:45,292 [INFO] PluginManager:220 - loadIPPluginJar : add gfxmmu
2024-06-06 21:46:45,384 [INFO] IPUIPlugin:80 - create IPUIPlugin
2024-06-06 21:46:45,384 [INFO] PluginManager:220 - loadIPPluginJar : add gic
2024-06-06 21:46:45,393 [INFO] IPUIPlugin:80 - create IPUIPlugin
2024-06-06 21:46:45,393 [INFO] PluginManager:220 - loadIPPluginJar : add gpio
2024-06-06 21:46:45,453 [INFO] IPUIPlugin:80 - create IPUIPlugin
2024-06-06 21:46:45,453 [INFO] PluginManager:220 - loadIPPluginJar : add gtzc
2024-06-06 21:46:45,474 [INFO] IPUIPlugin:80 - create IPUIPlugin
2024-06-06 21:46:45,474 [INFO] PluginManager:220 - loadIPPluginJar : add hash
2024-06-06 21:46:45,509 [INFO] IPUIPlugin:80 - create IPUIPlugin
2024-06-06 21:46:45,509 [INFO] PluginManager:220 - loadIPPluginJar : add i2c
2024-06-06 21:46:45,537 [INFO] IPUIPlugin:80 - create IPUIPlugin
2024-06-06 21:46:45,537 [INFO] PluginManager:220 - loadIPPluginJar : add i2s
2024-06-06 21:46:45,567 [INFO] IPUIPlugin:80 - create IPUIPlugin
2024-06-06 21:46:45,567 [INFO] PluginManager:220 - loadIPPluginJar : add i3c
2024-06-06 21:46:45,632 [INFO] IPUIPlugin:80 - create IPUIPlugin
2024-06-06 21:46:45,632 [INFO] PluginManager:220 - loadIPPluginJar : add ipddr
2024-06-06 21:46:45,689 [INFO] IPUIPlugin:80 - create IPUIPlugin
2024-06-06 21:46:45,689 [INFO] PluginManager:220 - loadIPPluginJar : add linkedlist
2024-06-06 21:46:45,713 [INFO] IPUIPlugin:80 - create IPUIPlugin
2024-06-06 21:46:45,713 [INFO] PluginManager:220 - loadIPPluginJar : add lorawan
2024-06-06 21:46:45,737 [INFO] IPUIPlugin:80 - create IPUIPlugin
2024-06-06 21:46:45,738 [INFO] PluginManager:220 - loadIPPluginJar : add ltdc
2024-06-06 21:46:45,746 [INFO] IPUIPlugin:80 - create IPUIPlugin
2024-06-06 21:46:45,746 [INFO] PluginManager:220 - loadIPPluginJar : add mdma
2024-06-06 21:46:45,754 [INFO] IPUIPlugin:80 - create IPUIPlugin
2024-06-06 21:46:45,754 [INFO] PluginManager:220 - loadIPPluginJar : add nvic
2024-06-06 21:46:45,780 [INFO] IPUIPlugin:80 - create IPUIPlugin
2024-06-06 21:46:45,780 [INFO] PluginManager:220 - loadIPPluginJar : add opamp
2024-06-06 21:46:45,818 [INFO] IPUIPlugin:80 - create IPUIPlugin
2024-06-06 21:46:45,818 [INFO] PluginManager:220 - loadIPPluginJar : add openamp
2024-06-06 21:46:45,847 [INFO] IPUIPlugin:80 - create IPUIPlugin
2024-06-06 21:46:45,847 [INFO] PluginManager:220 - loadIPPluginJar : add pdm2pcm
2024-06-06 21:46:45,856 [INFO] IPUIPlugin:80 - create IPUIPlugin
2024-06-06 21:46:45,857 [INFO] PluginManager:220 - loadIPPluginJar : add plateformsettings
2024-06-06 21:46:45,870 [INFO] IPUIPlugin:80 - create IPUIPlugin
2024-06-06 21:46:45,870 [INFO] PluginManager:220 - loadIPPluginJar : add quadspi
2024-06-06 21:46:45,878 [INFO] IPUIPlugin:80 - create IPUIPlugin
2024-06-06 21:46:45,878 [INFO] PluginManager:220 - loadIPPluginJar : add resmgrutility
2024-06-06 21:46:45,908 [INFO] IPUIPlugin:80 - create IPUIPlugin
2024-06-06 21:46:45,908 [INFO] PluginManager:220 - loadIPPluginJar : add sai
2024-06-06 21:46:45,931 [INFO] IPUIPlugin:80 - create IPUIPlugin
2024-06-06 21:46:45,931 [INFO] PluginManager:220 - loadIPPluginJar : add spi
2024-06-06 21:46:45,972 [INFO] IPUIPlugin:80 - create IPUIPlugin
2024-06-06 21:46:45,972 [INFO] PluginManager:220 - loadIPPluginJar : add stm32_wpan
2024-06-06 21:46:45,990 [INFO] IPUIPlugin:80 - create IPUIPlugin
2024-06-06 21:46:45,990 [INFO] PluginManager:220 - loadIPPluginJar : add tim
2024-06-06 21:46:46,031 [INFO] IPUIPlugin:80 - create IPUIPlugin
2024-06-06 21:46:46,031 [INFO] PluginManager:220 - loadIPPluginJar : add touchsensing
2024-06-06 21:46:46,046 [INFO] IPUIPlugin:80 - create IPUIPlugin
2024-06-06 21:46:46,046 [INFO] PluginManager:220 - loadIPPluginJar : add tracer_emb
2024-06-06 21:46:46,060 [INFO] IPUIPlugin:80 - create IPUIPlugin
2024-06-06 21:46:46,060 [INFO] PluginManager:220 - loadIPPluginJar : add ts
2024-06-06 21:46:46,073 [INFO] IPUIPlugin:80 - create IPUIPlugin
2024-06-06 21:46:46,073 [INFO] PluginManager:220 - loadIPPluginJar : add tsc
2024-06-06 21:46:46,086 [INFO] IPUIPlugin:80 - create IPUIPlugin
2024-06-06 21:46:46,086 [INFO] PluginManager:220 - loadIPPluginJar : add ucpd
2024-06-06 21:46:46,113 [INFO] IPUIPlugin:80 - create IPUIPlugin
2024-06-06 21:46:46,113 [INFO] PluginManager:220 - loadIPPluginJar : add usart
2024-06-06 21:46:46,147 [INFO] IPUIPlugin:80 - create IPUIPlugin
2024-06-06 21:46:46,147 [INFO] PluginManager:220 - loadIPPluginJar : add usbx
2024-06-06 21:46:46,252 [INFO] CADModel:165 - CPN selected for project level
2024-06-06 21:46:46,253 [INFO] CADModel:114 - Register for checkConnection events
2024-06-06 21:46:46,253 [FATAL] Updater:308 - Updater called before beeing initialized
2024-06-06 21:46:46,253 [ERROR] CADModel:125 - Updater not yet initialized, retry later 
2024-06-06 21:46:46,339 [INFO] CADModel:165 - CPN selected for project level
2024-06-06 21:46:46,339 [INFO] CADModel:114 - Register for checkConnection events
2024-06-06 21:46:46,339 [FATAL] Updater:308 - Updater called before beeing initialized
2024-06-06 21:46:46,339 [ERROR] CADModel:125 - Updater not yet initialized, retry later 
2024-06-06 21:46:46,341 [FATAL] Updater:308 - Updater called before beeing initialized
2024-06-06 21:46:46,405 [FATAL] Updater:308 - Updater called before beeing initialized
2024-06-06 21:46:46,414 [INFO] DbMcusAds:53 - JSON generation date=Thu May 16 17:22:00 CST 2024 (1715851320852)
2024-06-06 21:46:46,414 [FATAL] Updater:308 - Updater called before beeing initialized
2024-06-06 21:46:46,463 [WARN] DetailPanel:346 - Failed to get advertising image, set to default
2024-06-06 21:46:46,516 [FATAL] Updater:308 - Updater called before beeing initialized
2024-06-06 21:46:46,517 [FATAL] Updater:308 - Updater called before beeing initialized
2024-06-06 21:46:46,517 [FATAL] Updater:308 - Updater called before beeing initialized
2024-06-06 21:46:46,517 [WARN] DetailPanel:346 - Failed to get advertising image, set to default
2024-06-06 21:46:46,518 [FATAL] Updater:308 - Updater called before beeing initialized
2024-06-06 21:46:46,557 [ERROR] Updater:1120 - MainUpdater not yet initialized. External WinMGr cannot be set.
2024-06-06 21:46:46,564 [INFO] Updater:1056 - Updater Version found : 6.11.1
2024-06-06 21:46:46,577 [INFO] ApplicationProperties:184 - Using Application install path: C:\ST\STM32CubeIDE_1.15.1\STM32CubeIDE\plugins\com.st.stm32cube.common.mx_6.11.1.202404110753
2024-06-06 21:46:47,647 [INFO] ThirdPartyUpdaterWithRetryManager:70 - Updater plugin not ready yet. [2/15]
2024-06-06 21:46:48,179 [ERROR] LogOutputStream:75 - [STDERR_REDIRECT] Jun 06, 2024 9:46:48 PM java.util.prefs.WindowsPreferences <init>
2024-06-06 21:46:48,180 [ERROR] LogOutputStream:75 - [STDERR_REDIRECT] WARNING: Could not open/create prefs root node Software\JavaSoft\Prefs at root 0xffffffff80000002. Windows RegCreateKeyEx(...) returned error code 5.
2024-06-06 21:46:48,180 [ERROR] LogOutputStream:75 - [STDERR_REDIRECT] 
2024-06-06 21:46:48,414 [INFO] MainUpdater:2873 - connection check result : 10
2024-06-06 21:46:48,414 [INFO] MainUpdater:290 - Updater Check For Update Now.
2024-06-06 21:46:48,414 [INFO] MicroXplorer:498 - Change Database Version : DB.6.0.111
2024-06-06 21:46:48,435 [INFO] McuFinderGlobals:63 - Set McuFinder mode to 2 (CubeIDE integrated)
2024-06-06 21:46:48,435 [INFO] UserAuth:179 - activating auth plugin
2024-06-06 21:46:48,437 [INFO] UserAuth:415 - Internet connection configuration mode: 1
2024-06-06 21:46:48,467 [INFO] JxBrowserEngine:152 - Initiate JxBrowser Engine with user profile folder
2024-06-06 21:46:48,594 [INFO] CheckServerUpdateThread:120 - End of CheckServer Thread
2024-06-06 21:46:50,800 [WARN] PackLoader:240 - Cannot read IP mode file for STMicroelectronics.FP-SNS-MOTENVWB1.1.4.0
2024-06-06 21:46:50,812 [WARN] PackLoader:240 - Cannot read IP mode file for STMicroelectronics.X-CUBE-SMBUS.2.1.0
2024-06-06 21:46:50,822 [WARN] PackLoader:240 - Cannot read IP mode file for STMicroelectronics.X-CUBE-TOUCHGFX.4.23.2
2024-06-06 21:46:50,847 [WARN] PackLoader:240 - Cannot read IP mode file for STMicroelectronics.X-CUBE-AZRTOS-F7.1.1.0
2024-06-06 21:46:50,860 [WARN] PackLoader:240 - Cannot read IP mode file for STMicroelectronics.FP-SNS-FLIGHT1.5.0.2
2024-06-06 21:46:50,873 [WARN] PackLoader:240 - Cannot read IP mode file for STMicroelectronics.X-CUBE-DISPLAY.3.0.0
2024-06-06 21:46:50,894 [WARN] PackLoader:240 - Cannot read IP mode file for STMicroelectronics.X-CUBE-BLE1.7.0.0
2024-06-06 21:46:50,909 [WARN] PackLoader:240 - Cannot read IP mode file for emotas.I-CUBE-CANOPEN.1.3.0
2024-06-06 21:46:50,931 [WARN] PackLoader:240 - Cannot read IP mode file for STMicroelectronics.X-CUBE-BLEMGR.3.1.0
2024-06-06 21:46:50,954 [WARN] PackLoader:240 - Cannot read IP mode file for STMicroelectronics.FP-SNS-SMARTAG2.1.2.0
2024-06-06 21:46:50,967 [INFO] LogOutputStream:77 - [STDOUT_REDIRECT] 1 : Invalid condition id : UX_CORESTACK_Condition cause : null
2024-06-06 21:46:50,968 [INFO] LogOutputStream:77 - [STDOUT_REDIRECT] 1 : Invalid condition id : UX_CORESTACK_Condition cause : null
2024-06-06 21:46:50,968 [INFO] LogOutputStream:77 - [STDOUT_REDIRECT] 1 : Invalid condition id : UX_CORESTACK_Condition cause : null
2024-06-06 21:46:50,969 [INFO] LogOutputStream:77 - [STDOUT_REDIRECT] 1 : Invalid condition id : UX_CORESTACK_Condition cause : null
2024-06-06 21:46:50,969 [INFO] LogOutputStream:77 - [STDOUT_REDIRECT] 1 : Invalid condition id : UX_CORESTACK_Condition cause : null
2024-06-06 21:46:50,971 [WARN] PackLoader:240 - Cannot read IP mode file for STMicroelectronics.X-CUBE-AZRTOS-WL.2.0.0
2024-06-06 21:46:50,980 [WARN] PackLoader:240 - Cannot read IP mode file for STMicroelectronics.FP-SNS-MOTENV1.5.0.0
2024-06-06 21:46:50,991 [WARN] PackLoader:240 - Cannot read IP mode file for WES.I-CUBE-Cesium.1.3.0
2024-06-06 21:46:50,999 [WARN] PackLoader:240 - Cannot read IP mode file for STMicroelectronics.X-CUBE-BLE2.3.3.0
2024-06-06 21:46:51,008 [WARN] PackLoader:240 - Cannot read IP mode file for STMicroelectronics.X-CUBE-TCPP.4.1.0
2024-06-06 21:46:51,026 [WARN] PackLoader:240 - Cannot read IP mode file for STMicroelectronics.X-CUBE-AZRTOS-G0.1.1.0
2024-06-06 21:46:51,039 [WARN] PackLoader:240 - Cannot read IP mode file for STMicroelectronics.X-CUBE-SAFEA1.1.2.2
2024-06-06 21:46:51,052 [WARN] PackLoader:240 - Cannot read IP mode file for STMicroelectronics.X-CUBE-NFC4.3.0.0
2024-06-06 21:46:51,060 [WARN] PackLoader:240 - Cannot read IP mode file for wolfSSL.I-CUBE-wolfMQTT.1.18.0
2024-06-06 21:46:51,068 [WARN] PackLoader:240 - Cannot read IP mode file for wolfSSL.I-CUBE-wolfSSL.5.7.0
2024-06-06 21:46:51,069 [INFO] WebApp:161 - Instantiating new browser for Auth
2024-06-06 21:46:51,076 [WARN] PackLoader:240 - Cannot read IP mode file for STMicroelectronics.FP-ATR-SIGFOX1.3.2.0
2024-06-06 21:46:51,089 [WARN] PackLoader:240 - Cannot read IP mode file for STMicroelectronics.X-CUBE-EEPRMA1.5.1.0
2024-06-06 21:46:51,103 [WARN] PackLoader:240 - Cannot read IP mode file for ITTIA_DB.I-CUBE-ITTIADB.8.9.0
2024-06-06 21:46:51,125 [WARN] PackLoader:240 - Cannot read IP mode file for SEGGER.I-CUBE-embOS.1.3.1
2024-06-06 21:46:51,161 [WARN] PackLoader:240 - Cannot read IP mode file for STMicroelectronics.X-CUBE-ALGOBUILD.1.4.0
2024-06-06 21:46:51,173 [WARN] PackLoader:240 - Cannot read IP mode file for STMicroelectronics.X-CUBE-GNSS1.6.0.0
2024-06-06 21:46:51,190 [WARN] PackLoader:240 - Cannot read IP mode file for STMicroelectronics.X-CUBE-AZRTOS-F4.1.1.0
2024-06-06 21:46:51,203 [WARN] PackLoader:240 - Cannot read IP mode file for STMicroelectronics.X-CUBE-FREERTOS.1.2.0
2024-06-06 21:46:51,221 [WARN] PackLoader:240 - Cannot read IP mode file for STMicroelectronics.X-CUBE-AZRTOS-L5.2.0.0
2024-06-06 21:46:51,231 [WARN] PackLoader:240 - Cannot read IP mode file for STMicroelectronics.X-CUBE-NFC6.3.1.0
2024-06-06 21:46:51,241 [WARN] PackLoader:240 - Cannot read IP mode file for STMicroelectronics.X-CUBE-AI.9.0.0
2024-06-06 21:46:51,250 [WARN] PackLoader:240 - Cannot read IP mode file for STMicroelectronics.X-CUBE-NFC7.1.0.1
2024-06-06 21:46:51,267 [WARN] ConditionMgr:438 - getConditionDescription Invalid condition id : LAN8742 Phy interface Condition cause : null
2024-06-06 21:46:51,268 [WARN] PackLoader:240 - Cannot read IP mode file for STMicroelectronics.X-CUBE-AZRTOS-L4.2.0.0
2024-06-06 21:46:51,268 [WARN] ConditionMgr:1039 - genDependencies : Invalid condition id : LAN8742 Phy interface Condition cause : null
2024-06-06 21:46:51,269 [WARN] ConditionMgr:1039 - genDependencies : Invalid condition id : LAN8742 Phy interface Condition cause : null
2024-06-06 21:46:51,269 [WARN] ConditionMgr:1039 - genDependencies : Invalid condition id : LAN8742 Phy interface Condition cause : null
2024-06-06 21:46:51,279 [WARN] PackLoader:240 - Cannot read IP mode file for STMicroelectronics.X-CUBE-SFXS2LP1.4.0.0
2024-06-06 21:46:51,295 [WARN] ConditionMgr:438 - getConditionDescription Invalid condition id : UX DEVICE CLASS RTOS Condition cause : null
2024-06-06 21:46:51,295 [WARN] ConditionMgr:438 - getConditionDescription Invalid condition id : UX DEVICE CLASS RTOS Condition cause : null
2024-06-06 21:46:51,297 [WARN] PackLoader:240 - Cannot read IP mode file for STMicroelectronics.X-CUBE-AZRTOS-WB.2.0.0
2024-06-06 21:46:51,297 [WARN] ConditionMgr:1039 - genDependencies : Invalid condition id : UX DEVICE CLASS RTOS Condition cause : null
2024-06-06 21:46:51,297 [WARN] ConditionMgr:1039 - genDependencies : Invalid condition id : UX DEVICE CLASS RTOS Condition cause : null
2024-06-06 21:46:51,297 [WARN] ConditionMgr:1039 - genDependencies : Invalid condition id : UX DEVICE CLASS RTOS Condition cause : null
2024-06-06 21:46:51,297 [WARN] ConditionMgr:1039 - genDependencies : Invalid condition id : UX DEVICE CLASS RTOS Condition cause : null
2024-06-06 21:46:51,297 [WARN] ConditionMgr:1039 - genDependencies : Invalid condition id : UX DEVICE CLASS RTOS Condition cause : null
2024-06-06 21:46:51,310 [WARN] PackLoader:240 - Cannot read IP mode file for STMicroelectronics.X-CUBE-SUBG2.5.0.0
2024-06-06 21:46:51,321 [WARN] PackLoader:240 - Cannot read IP mode file for Cesanta.I-CUBE-Mongoose.7.13.0
2024-06-06 21:46:51,342 [WARN] PackLoader:240 - Cannot read IP mode file for STMicroelectronics.X-CUBE-AZRTOS-G4.2.0.0
2024-06-06 21:46:51,354 [WARN] PackLoader:240 - Cannot read IP mode file for STMicroelectronics.X-CUBE-ISPU.2.0.0
2024-06-06 21:46:51,365 [WARN] PackLoader:240 - Cannot read IP mode file for STMicroelectronics.X-CUBE-ALS.1.0.2
2024-06-06 21:46:51,395 [WARN] PackLoader:240 - Cannot read IP mode file for STMicroelectronics.X-CUBE-MEMS1.10.0.0
2024-06-06 21:46:51,461 [WARN] PackLoader:240 - Cannot read IP mode file for portGmbH.I-Cube-SoM-uGOAL.1.1.0
2024-06-06 21:46:51,478 [WARN] PackLoader:240 - Cannot read IP mode file for STMicroelectronics.X-CUBE-AZRTOS-H7RS.1.0.0
2024-06-06 21:46:51,491 [WARN] PackLoader:240 - Cannot read IP mode file for STMicroelectronics.FP-ATR-ASTRA1.2.0.0
2024-06-06 21:46:51,506 [WARN] PackLoader:240 - Cannot read IP mode file for STMicroelectronics.X-CUBE-TOF1.3.4.1
2024-06-06 21:46:51,530 [WARN] PackLoader:240 - Cannot read IP mode file for STMicroelectronics.X-CUBE-AZRTOS-H7.3.2.0
2024-06-06 21:46:51,547 [WARN] PackLoader:240 - Cannot read IP mode file for Infineon.AIROC-Wi-Fi-Bluetooth-STM32.1.6.0
2024-06-06 21:46:51,550 [INFO] ThirdParty:978 - Integrity check success = true
2024-06-06 21:46:51,550 [INFO] IntegrityCheckThread:100 - exiting critical section [integrity check]
2024-06-06 21:46:51,550 [INFO] IntegrityCheckThread:103 - End integrity checks thread
2024-06-06 21:46:51,662 [INFO] WebApp:779 - Register for checkConnection events
2024-06-06 21:46:51,663 [INFO] WebApp:414 - Apply proxy settings
2024-06-06 21:46:51,663 [INFO] WebApp:499 - Chromium requires no authentication
2024-06-06 21:46:51,671 [INFO] WebApp:442 - Direct internet connection detected
2024-06-06 21:46:51,814 [INFO] WebApp:192 - Starting web application
2024-06-06 21:46:51,814 [INFO] WebApp:544 - Web application path used C:\ST\STM32CubeIDE_1.15.1\STM32CubeIDE\plugins\com.st.stm32cube.common.mx_6.11.1.202404110753\db\plugins\mcufinder\reactClient1\index.html
2024-06-06 21:46:55,840 [INFO] McuFinderGlobals:63 - Set McuFinder mode to 2 (CubeIDE integrated)
2024-06-06 21:46:55,853 [INFO] MainUpdater:2873 - connection check result : 10
2024-06-06 21:46:55,858 [INFO] MainUpdater:2873 - connection check result : 10
2024-06-06 21:46:55,947 [INFO] MicroXplorer:468 - Change Database Path : 
2024-06-06 21:46:55,948 [INFO] MicroXplorer:498 - Change Database Version : DB.6.0.111
2024-06-06 21:46:55,951 [WARN] ThirdParty:871 - waiting for thirdparty lock release [close project]
2024-06-06 21:46:55,952 [INFO] ThirdParty:873 - entering critical section [close project]
2024-06-06 21:46:55,952 [INFO] ThirdParty:883 - exiting critical section [close project]
2024-06-06 21:46:55,954 [INFO] PinOutPanel:1561 - setPackage(No Configuration,No Configuration)
2024-06-06 21:46:55,956 [INFO] UtilMem:75 - Begin LoadConfig() Used Memory: 142962760 Bytes (268435456)
2024-06-06 21:46:55,956 [INFO] MicroXplorer:468 - Change Database Path : 
2024-06-06 21:46:55,956 [INFO] MicroXplorer:498 - Change Database Version : DB.6.0.111
2024-06-06 21:46:55,956 [INFO] OpenFileManager:312 - Change cursor
2024-06-06 21:46:55,973 [INFO] Mcu:2021 - Initializing MCU STM32F446Z(C-E)Tx STM32F446ZETx STM32F446ZET6
2024-06-06 21:46:57,103 [INFO] Context:663 - Trying to add GPIOservice into a context  which must be forbidden
2024-06-06 21:46:57,430 [INFO] RtosManager:555 - Registered RTOS mode: class=CMSIS, group=RTOS, mode=CMSIS_V1, owner=FREERTOS
2024-06-06 21:46:57,430 [INFO] RtosManager:555 - Registered RTOS mode: class=CMSIS, group=RTOS2, mode=CMSIS_V2, owner=FREERTOS
2024-06-06 21:46:57,430 [INFO] RtosManager:555 - Registered RTOS mode: class=RTOS, group=Core, mode=CMSIS_V1, owner=FREERTOS
2024-06-06 21:46:57,430 [INFO] RtosManager:555 - Registered RTOS mode: class=RTOS, group=Core, mode=CMSIS_V2, owner=FREERTOS
2024-06-06 21:46:57,430 [WARN] ModelIntegratedComponent:184 - Missing modes for component STMicroelectronics:FreeRTOS:0.0.1:STMicroelectronics:RTOS:FreeRTOS:Core:::10.2.0:
2024-06-06 21:46:57,438 [WARN] ModelIntegratedComponent:63 - No mode defined for component null
2024-06-06 21:46:57,438 [WARN] ModelIntegratedComponent:63 - No mode defined for component null
2024-06-06 21:46:57,438 [WARN] ModelIntegratedComponent:63 - No mode defined for component null
2024-06-06 21:46:57,438 [WARN] ModelIntegratedComponent:63 - No mode defined for component null
2024-06-06 21:46:57,438 [WARN] ModelIntegratedComponent:63 - No mode defined for component null
2024-06-06 21:46:57,438 [WARN] ModelIntegratedComponent:63 - No mode defined for component null
2024-06-06 21:46:57,439 [WARN] ModelIntegratedComponent:63 - No mode defined for component null
2024-06-06 21:46:57,439 [WARN] ModelIntegratedComponent:63 - No mode defined for component null
2024-06-06 21:46:57,439 [WARN] ModelIntegratedComponent:63 - No mode defined for component null
2024-06-06 21:46:57,439 [WARN] ModelIntegratedComponent:63 - No mode defined for component null
2024-06-06 21:46:57,439 [WARN] ModelIntegratedComponent:63 - No mode defined for component null
2024-06-06 21:46:57,439 [WARN] ModelIntegratedComponent:63 - No mode defined for component null
2024-06-06 21:46:57,439 [WARN] ModelIntegratedComponent:63 - No mode defined for component null
2024-06-06 21:46:57,439 [WARN] ModelIntegratedComponent:63 - No mode defined for component null
2024-06-06 21:46:57,439 [WARN] ModelIntegratedComponent:63 - No mode defined for component null
2024-06-06 21:46:57,439 [WARN] ModelIntegratedComponent:63 - No mode defined for component null
2024-06-06 21:46:57,439 [WARN] ModelIntegratedComponent:63 - No mode defined for component null
2024-06-06 21:46:57,439 [WARN] ModelIntegratedComponent:63 - No mode defined for component null
2024-06-06 21:46:57,439 [WARN] ModelIntegratedComponent:63 - No mode defined for component null
2024-06-06 21:46:57,439 [WARN] ModelIntegratedComponent:63 - No mode defined for component null
2024-06-06 21:46:57,439 [WARN] ModelIntegratedComponent:63 - No mode defined for component null
2024-06-06 21:46:57,439 [WARN] ModelIntegratedComponent:63 - No mode defined for component null
2024-06-06 21:46:57,439 [WARN] ModelIntegratedComponent:63 - No mode defined for component null
2024-06-06 21:46:57,439 [WARN] ModelIntegratedComponent:63 - No mode defined for component null
2024-06-06 21:46:57,439 [WARN] ModelIntegratedComponent:63 - No mode defined for component null
2024-06-06 21:46:57,439 [WARN] ModelIntegratedComponent:63 - No mode defined for component null
2024-06-06 21:46:57,439 [WARN] ModelIntegratedComponent:63 - No mode defined for component null
2024-06-06 21:46:57,439 [WARN] ModelIntegratedComponent:63 - No mode defined for component null
2024-06-06 21:46:57,439 [WARN] ModelIntegratedComponent:63 - No mode defined for component null
2024-06-06 21:46:57,439 [WARN] ModelIntegratedComponent:63 - No mode defined for component null
2024-06-06 21:46:57,439 [WARN] ModelIntegratedComponent:63 - No mode defined for component null
2024-06-06 21:46:57,439 [WARN] ModelIntegratedComponent:63 - No mode defined for component null
2024-06-06 21:46:57,439 [WARN] ModelIntegratedComponent:63 - No mode defined for component null
2024-06-06 21:46:57,439 [WARN] ModelIntegratedComponent:63 - No mode defined for component null
2024-06-06 21:46:57,490 [INFO] ThirdPartyModel:298 - Start build external matchings
2024-06-06 21:46:57,631 [INFO] ThirdPartyModel:316 - End build external matchings
2024-06-06 21:46:57,991 [INFO] ApiDb:581 - Connected to CubeFinder SQLite database (C:\Users\z0976\.stmcufinder\plugins\mcufinder\mcu\cube-finder-db.db)
2024-06-06 21:46:58,031 [INFO] ApiDb:668 - CubeFinder database Data Model version=2.1
2024-06-06 21:46:58,031 [INFO] ApiDb:669 - CubeFinder database Configuration version=3.0.39
2024-06-06 21:46:58,031 [INFO] ApiDb:670 - CubeFinder database generation date=2024-05-16 (1715872938)
2024-06-06 21:46:58,031 [INFO] ApiDb:671 - CubeFinder database FW Pack versions=[FP-ATR-ASTRA1_V2.0.0, FP-SNS-FLIGHT1_V5.0.1, FP-SNS-FLIGHT1_V5.0.2, FP-SNS-MOTENV1_V4.3.1, FP-SNS-MOTENV1_V4.3.2, FP-SNS-MOTENV1_V5.0.0, FP-SNS-MOTENVWB1_V1.4.0, FP-SNS-SMARTAG2_V1.2.0, STM32Cube_FW_C0_V1.1.0, STM32Cube_FW_F4_V1.28.0, STM32Cube_FW_F7_V1.17.0, STM32Cube_FW_G0_V1.6.2, STM32Cube_FW_G4_V1.5.2, STM32Cube_FW_H5_V0.5.1, STM32Cube_FW_H5_V1.1.1, STM32Cube_FW_H5_V1.2.0, STM32Cube_FW_H5_V1.2.0RC4, STM32Cube_FW_H7RS_V1.0.0, STM32Cube_FW_H7RS_V1.0.0RC4, STM32Cube_FW_H7_V1.11.0, STM32Cube_FW_L0_V1.12.2, STM32Cube_FW_L5_V1.5.1, STM32Cube_FW_U0_V1.0.0, STM32Cube_FW_U0_V1.0.0RC1, STM32Cube_FW_U5_V1.3.0RC4, STM32Cube_FW_U5_V1.5.0, STM32Cube_FW_U5_V1.5.0RC1, STM32Cube_FW_WBA_V1.0.0RC1, STM32Cube_FW_WBA_V1.2.0, STM32Cube_FW_WBA_V1.2.0RC2, STM32Cube_FW_WBA_V1.3.0, STM32Cube_FW_WBA_V1.3.0RC1, STM32Cube_FW_WB_V1.15.0RC1, STM32Cube_FW_WB_V1.16.0, STM32Cube_FW_WB_V1.16.0RC2, STM32Cube_FW_WB_V1.18.0, STM32Cube_FW_WB_V1.19.0, STM32Cube_FW_WL_V1.3.0, X-CUBE-ALGOBUILD_V1.4.0, X-CUBE-ALS_V1.0.1, X-CUBE-AZRTOS-F4_V1.1.0, X-CUBE-AZRTOS-F7_V1.1.0, X-CUBE-AZRTOS-G0_V1.1.0, X-CUBE-AZRTOS-G4_V2.0.0, X-CUBE-AZRTOS-H7_V3.2.0, X-CUBE-AZRTOS-L4_V1.0.0, X-CUBE-AZRTOS-L4_V2.0.0, X-CUBE-AZRTOS-L5_V1.1.0, X-CUBE-AZRTOS-WB_V2.0.0, X-CUBE-AZRTOS-WL_V2.0.0, X-CUBE-BLE1_V7.0.0, X-CUBE-BLE2_V3.3.0, X-CUBE-BLEMGR_V3.1.0, X-CUBE-EEPRMA1_V4.1.0, X-CUBE-EEPRMA1_V5.1.0, X-CUBE-FREERTOS_V1.1.0, X-CUBE-GNSS1_V6.0.0, X-CUBE-MEMS1_V10.0.0, X-CUBE-MEMS1_V9.1.0, X-CUBE-MEMS1_V9.4.0, X-CUBE-MEMS1_V9.6.0, X-CUBE-NFC4_V3.0.0, X-CUBE-NFC7_V1.0.1, X-CUBE-SFXS2LP1_V4.0.0, X-CUBE-SUBG2_V5.0.0, X-CUBE-TOF1_V3.4.0]
2024-06-06 21:46:58,074 [INFO] DbBoardsSqlite:226 - include board P-NUCLEO-WB55-NUCLEO as a kit item of type 'Nucleo-64'
2024-06-06 21:46:58,074 [INFO] DbBoardsSqlite:226 - include board P-NUCLEO-WB55-USBDONGLE as a kit item of type 'Nucleo USB Dongle'
2024-06-06 21:46:58,075 [INFO] DbBoardsSqlite:226 - include board STEVAL-IDP005V1 as a kit item of type 'Evaluation Board'
2024-06-06 21:46:58,075 [INFO] DbBoardsSqlite:226 - include board STEVAL-IDP005V2 as a kit item of type 'Evaluation Board'
2024-06-06 21:46:58,109 [INFO] ApiDb:240 - Found 483 in-development CPN: [B-G473E-ZEST1S, B-WB1M-WPAN1, B-WL5M-SUBG1, NUCLEO-C031C6, NUCLEO-H503RB, NUCLEO-H533RE, NUCLEO-H563ZI, NUCLEO-H7S3L8, NUCLEO-U031R8, NUCLEO-U083RC, NUCLEO-U545RE-Q, NUCLEO-U5A5ZJ-Q, NUCLEO-WBA52CG, NUCLEO-WBA55CG, STEVAL-PROTEUS1, STEVAL-SMARTAG2, STEVAL-STWINBX1, STM320518-EVAL, STM32C0116-DK, STM32C011D6Y3TR, STM32C011D6Y6TR, STM32C011F4P3, STM32C011F4P6, STM32C011F4U3, STM32C011F4U6TR, STM32C011F6P3, STM32C011F6P6, STM32C011F6U3, STM32C011F6U6TR, STM32C011J4M3, STM32C011J4M6, STM32C011J6M3, STM32C011J6M6, STM32C0316-DK, STM32C031C4T3, STM32C031C4T6, STM32C031C4U3, STM32C031C4U6, STM32C031C6T3, STM32C031C6T6, STM32C031C6U3, STM32C031C6U6, STM32C031F4P3, STM32C031F4P6, STM32C031F6P3, STM32C031F6P6, STM32C031G4U3, STM32C031G4U6, STM32C031G6U3, STM32C031G6U6, STM32C031K4T3, STM32C031K4T6, STM32C031K4U3, STM32C031K4U6, STM32C031K6T3, STM32C031K6T6, STM32C031K6U3, STM32C031K6U6, STM32G071K8TXN, STM32G071K8UXN, STM32G081GBU6N, STM32G081KBT6N, STM32G081KBUXN, STM32G0B1CCT6N, STM32G0B1KCT6, STM32G0B1NEY6TR, STM32G0B1RCT6N, STM32G0C1CCT6, STM32G0C1CCT6N, STM32G0C1CCU6N, STM32G0C1CET6N, STM32G0C1CEU6N, STM32G0C1KCT6, STM32G0C1NEY6TR, STM32G0C1RCI6N, STM32G0C1RCT6N, STM32G0C1REI6N, STM32G0C1RET6N, STM32G0C1VCI6, STM32G0C1VEI6, STM32G471CCT6, STM32G471CCU6, STM32G471CET3, STM32G471CET6, STM32G471CEU3, STM32G471CEU6, STM32G471MCT6, STM32G471MET3, STM32G471MET6, STM32G471MEY6TR, STM32G471QCT6, STM32G471QET3, STM32G471RCT6, STM32G471RET3, STM32G471RET6, STM32G471VCH6, STM32G471VCI6, STM32G471VCT6, STM32G471VEH3, STM32G471VEH6, STM32G471VEI3, STM32G471VEI6, STM32G471VET3, STM32G471VET6, STM32G474CCT6, STM32H503CBT6, STM32H503CBU6, STM32H503EBY6TR, STM32H503KBU6, STM32H503RBT6, STM32H523CCT6, STM32H523CCU6, STM32H523CET6, STM32H523CEU6, STM32H523HEY6TR, STM32H523RCT6, STM32H523RET6, STM32H523VCI6, STM32H523VCT6, STM32H523VEI6, STM32H523VET6, STM32H523ZCJ6, STM32H523ZCT6, STM32H523ZEJ6, STM32H523ZET6, STM32H533CET6, STM32H533CEU6, STM32H533HEY6TR, STM32H533RET6, STM32H533VEI6, STM32H533VET6, STM32H533ZEJ6, STM32H533ZET6, STM32H562AGI6, STM32H562AII6, STM32H562IGK6, STM32H562IGT6, STM32H562IIK6, STM32H562IIT6, STM32H562RGT6, STM32H562RGV6, STM32H562RIT6, STM32H562RIV6, STM32H562VGT6, STM32H562VIT6, STM32H562ZGT6, STM32H562ZIT6, STM32H563AGI6, STM32H563AII3Q, STM32H563AII6, STM32H563IGK6, STM32H563IGT6, STM32H563IIK3Q, STM32H563IIK6, STM32H563IIT3Q, STM32H563IIT6, STM32H563MIY3QTR, STM32H563RGT6, STM32H563RGV6, STM32H563RIT6, STM32H563RIV6, STM32H563VGT6, STM32H563VIT3Q, STM32H563VIT6, STM32H563ZGT6, STM32H563ZIT3Q, STM32H563ZIT6, STM32H573AII3Q, STM32H573AII6, STM32H573I-DK, STM32H573IIK3Q, STM32H573IIK6, STM32H573IIT3Q, STM32H573IIT6, STM32H573MIY3QTR, STM32H573RIT6, STM32H573RIV6, STM32H573VIT3Q, STM32H573VIT6, STM32H573ZIT3Q, STM32H573ZIT6, STM32H7R3A8I6, STM32H7R3I8K6, STM32H7R3I8T6, STM32H7R3L8H6, STM32H7R3L8H6H, STM32H7R3R8V6, STM32H7R3V8H6, STM32H7R3V8T6, STM32H7R3V8Y6, STM32H7R3Z8J6, STM32H7R3Z8T6, STM32H7R7A8I6, STM32H7R7I8K6, STM32H7R7I8T6, STM32H7R7L8H6, STM32H7R7L8H6H, STM32H7R7Z8J6, STM32H7S3A8I6, STM32H7S3I8K6, STM32H7S3I8T6, STM32H7S3L8H6, STM32H7S3L8H6H, STM32H7S3R8V6, STM32H7S3V8H6, STM32H7S3V8T6, STM32H7S3V8Y6, STM32H7S3Z8J6, STM32H7S3Z8T6, STM32H7S78-DK, STM32H7S7A8I6, STM32H7S7I8K6, STM32H7S7I8T6, STM32H7S7L8H6, STM32H7S7L8H6H, STM32H7S7Z8J6, STM32L4R5QGI6STR, STM32MP131AAE3, STM32MP131AAF3, STM32MP131AAG3, STM32MP131CAE3, STM32MP131CAF3, STM32MP131CAG3, STM32MP131DAE7, STM32MP131DAF7, STM32MP131DAG7, STM32MP131FAE7, STM32MP131FAF7, STM32MP131FAG7, STM32MP133AAE3, STM32MP133AAF3, STM32MP133AAG3, STM32MP133CAE3, STM32MP133CAF3, STM32MP133CAG3, STM32MP133DAE7, STM32MP133DAF7, STM32MP133DAG7, STM32MP133FAE7, STM32MP133FAF7, STM32MP133FAG7, STM32MP135AAE3, STM32MP135AAF3, STM32MP135AAG3, STM32MP135CAE3, STM32MP135CAF3, STM32MP135CAG3, STM32MP135DAE7, STM32MP135DAF7, STM32MP135DAG7, STM32MP135F-DK, STM32MP135FAE7, STM32MP135FAF7, STM32MP135FAF7T, STM32MP135FAF7U, STM32MP135FAG7, STM32U031C6T6, STM32U031C6U6, STM32U031C8T6, STM32U031C8U6, STM32U031F4P6, STM32U031F6P6, STM32U031F8P6, STM32U031G6Y6TR, STM32U031G8Y6TR, STM32U031K4U6, STM32U031K6U6, STM32U031K8U6, STM32U031R6I6, STM32U031R6T6, STM32U031R8I6, STM32U031R8T6, STM32U073C8T6, STM32U073C8U6, STM32U073CBT6, STM32U073CBU6, STM32U073CCT6, STM32U073CCU6, STM32U073H8Y6TR, STM32U073HBY6TR, STM32U073HCY6TR, STM32U073K8U6, STM32U073KBU6, STM32U073KCU6, STM32U073M8I6, STM32U073M8T6, STM32U073MBI6, STM32U073MBT6, STM32U073MCI6, STM32U073MCT6, STM32U073R8I6, STM32U073R8T6, STM32U073RBI6, STM32U073RBT6, STM32U073RCI6, STM32U073RCT6, STM32U083C-DK, STM32U083CCT6, STM32U083CCU6, STM32U083HCY6TR, STM32U083KCU6, STM32U083MCI6, STM32U083MCT6, STM32U083RCI6, STM32U083RCT6, STM32U535CBT6, STM32U535CBT6Q, STM32U535CBU6, STM32U535CBU6Q, STM32U535CCT6, STM32U535CCT6Q, STM32U535CCU6, STM32U535CCU6Q, STM32U535CET6, STM32U535CET6Q, STM32U535CEU6, STM32U535CEU6Q, STM32U535JEY6QTR, STM32U535NCY6QTR, STM32U535NEY6QTR, STM32U535RBI6, STM32U535RBI6Q, STM32U535RBT6, STM32U535RBT6Q, STM32U535RCI6, STM32U535RCI6Q, STM32U535RCT6, STM32U535RCT6Q, STM32U535REI6, STM32U535REI6Q, STM32U535RET6, STM32U535RET6Q, STM32U535VCI6, STM32U535VCI6Q, STM32U535VCT6, STM32U535VCT6Q, STM32U535VEI6, STM32U535VEI6Q, STM32U535VET6, STM32U535VET6Q, STM32U545CET6, STM32U545CET6Q, STM32U545CEU6, STM32U545CEU6Q, STM32U545JEY6QTR, STM32U545NEY6QTR, STM32U545REI6, STM32U545REI6Q, STM32U545RET6, STM32U545RET6Q, STM32U545VEI6, STM32U545VEI6Q, STM32U545VET6, STM32U545VET6Q, STM32U595AIH6, STM32U595AIH6Q, STM32U595AJH6, STM32U595AJH6Q, STM32U595QII6, STM32U595QII6Q, STM32U595QJI6, STM32U595QJI6Q, STM32U595RIT6, STM32U595RIT6Q, STM32U595RJT6, STM32U595RJT6Q, STM32U595VIT6, STM32U595VIT6Q, STM32U595VJT6, STM32U595VJT6Q, STM32U595ZIT6, STM32U595ZIT6Q, STM32U595ZIY6QTR, STM32U595ZJT6, STM32U595ZJT6Q, STM32U595ZJY6QTR, STM32U599BJY6QTR, STM32U599NIH6Q, STM32U599NJH6Q, STM32U599VIT6Q, STM32U599VJT6, STM32U599VJT6Q, STM32U599ZIT6Q, STM32U599ZIY6QTR, STM32U599ZJT6Q, STM32U599ZJY6QTR, STM32U5A5AJH6, STM32U5A5AJH6Q, STM32U5A5QII3Q , STM32U5A5QJI6, STM32U5A5QJI6Q, STM32U5A5RJT6, STM32U5A5RJT6Q, STM32U5A5VJT6, STM32U5A5VJT6Q, STM32U5A5ZJT6, STM32U5A5ZJT6Q, STM32U5A5ZJY6QTR, STM32U5A9BJY6QTR, STM32U5A9J-DK, STM32U5A9NJH6Q, STM32U5A9VJT6Q, STM32U5A9ZJT6Q, STM32U5A9ZJY6QTR, STM32U5F7VIT6, STM32U5F7VIT6Q, STM32U5F7VJT6, STM32U5F7VJT6Q, STM32U5F9BJY6QTR, STM32U5F9NJH6Q, STM32U5F9VIT6Q, STM32U5F9VJT6Q, STM32U5F9ZIJ6QTR, STM32U5F9ZIT6Q, STM32U5F9ZJJ6QTR, STM32U5F9ZJT6Q, STM32U5G7VJT6, STM32U5G7VJT6Q, STM32U5G9BJY6QTR, STM32U5G9J-DK1, STM32U5G9J-DK2, STM32U5G9NJH6Q, STM32U5G9VJT6Q, STM32U5G9ZJJ6QTR, STM32U5G9ZJT6Q, STM32WB1MMCH6, STM32WBA50KEU6, STM32WBA50KEU6TR, STM32WBA50KGU6, STM32WBA50KGU6TR, STM32WBA52CEU6, STM32WBA52CEU6TR, STM32WBA52CEU7, STM32WBA52CEU7TR, STM32WBA52CGU6, STM32WBA52CGU6TR, STM32WBA52CGU6U, STM32WBA52CGU7, STM32WBA52CGU7TR, STM32WBA52KEU6, STM32WBA52KEU6TR, STM32WBA52KGU6, STM32WBA52KGU6TR, STM32WBA54CEU6, STM32WBA54CEU6TR, STM32WBA54CEU7, STM32WBA54CEU7TR, STM32WBA54CGU6, STM32WBA54CGU6TR, STM32WBA54CGU7, STM32WBA54CGU7TR, STM32WBA54KEU6, STM32WBA54KEU6TR, STM32WBA54KEU7, STM32WBA54KEU7TR, STM32WBA54KGU6, STM32WBA54KGU6TR, STM32WBA54KGU7, STM32WBA54KGU7TR, STM32WBA55CEU6, STM32WBA55CEU6TR, STM32WBA55CEU7, STM32WBA55CEU7TR, STM32WBA55CGU6, STM32WBA55CGU6TR, STM32WBA55CGU6U, STM32WBA55CGU7, STM32WBA55CGU7TR, STM32WBA55G-DK1, STM32WBA55HEF6, STM32WBA55HEF7, STM32WBA55HGF6, STM32WBA55HGF7, STM32WBA55UEI6, STM32WBA55UEI6TR, STM32WBA55UEI7, STM32WBA55UEI7TR, STM32WBA55UGI6, STM32WBA55UGI6TR, STM32WBA55UGI7, STM32WBA55UGI7TR, STM32WL5MOCH6, STM32WL5MOCH6TR]
2024-06-06 21:46:58,171 [INFO] BoardInfo:889 - No configuration file found for board P-NUCLEO-WB55
2024-06-06 21:46:58,171 [INFO] DbBoards:161 - Kit is not supported: P-NUCLEO-WB55
2024-06-06 21:46:58,174 [INFO] BoardInfo:889 - No configuration file found for board STEVAL-BFA001V1B
2024-06-06 21:46:58,174 [INFO] DbBoards:161 - Kit is not supported: STEVAL-BFA001V1B
2024-06-06 21:46:58,175 [INFO] BoardInfo:889 - No configuration file found for board STEVAL-BFA001V2B
2024-06-06 21:46:58,175 [INFO] DbBoards:161 - Kit is not supported: STEVAL-BFA001V2B
2024-06-06 21:46:58,263 [INFO] DbBoards:168 - Found 199 boards, 196 are supported
2024-06-06 21:46:58,263 [INFO] DbBoards:169 - Found 199 boards, 8 of them is supported for  Bsp
2024-06-06 21:46:58,265 [INFO] ApiDb:668 - CubeFinder database Data Model version=2.1
2024-06-06 21:46:58,265 [INFO] ApiDb:669 - CubeFinder database Configuration version=3.0.39
2024-06-06 21:46:58,265 [INFO] ApiDb:670 - CubeFinder database generation date=2024-05-16 (1715872938)
2024-06-06 21:46:58,265 [INFO] ApiDb:671 - CubeFinder database FW Pack versions=[FP-ATR-ASTRA1_V2.0.0, FP-SNS-FLIGHT1_V5.0.1, FP-SNS-FLIGHT1_V5.0.2, FP-SNS-MOTENV1_V4.3.1, FP-SNS-MOTENV1_V4.3.2, FP-SNS-MOTENV1_V5.0.0, FP-SNS-MOTENVWB1_V1.4.0, FP-SNS-SMARTAG2_V1.2.0, STM32Cube_FW_C0_V1.1.0, STM32Cube_FW_F4_V1.28.0, STM32Cube_FW_F7_V1.17.0, STM32Cube_FW_G0_V1.6.2, STM32Cube_FW_G4_V1.5.2, STM32Cube_FW_H5_V0.5.1, STM32Cube_FW_H5_V1.1.1, STM32Cube_FW_H5_V1.2.0, STM32Cube_FW_H5_V1.2.0RC4, STM32Cube_FW_H7RS_V1.0.0, STM32Cube_FW_H7RS_V1.0.0RC4, STM32Cube_FW_H7_V1.11.0, STM32Cube_FW_L0_V1.12.2, STM32Cube_FW_L5_V1.5.1, STM32Cube_FW_U0_V1.0.0, STM32Cube_FW_U0_V1.0.0RC1, STM32Cube_FW_U5_V1.3.0RC4, STM32Cube_FW_U5_V1.5.0, STM32Cube_FW_U5_V1.5.0RC1, STM32Cube_FW_WBA_V1.0.0RC1, STM32Cube_FW_WBA_V1.2.0, STM32Cube_FW_WBA_V1.2.0RC2, STM32Cube_FW_WBA_V1.3.0, STM32Cube_FW_WBA_V1.3.0RC1, STM32Cube_FW_WB_V1.15.0RC1, STM32Cube_FW_WB_V1.16.0, STM32Cube_FW_WB_V1.16.0RC2, STM32Cube_FW_WB_V1.18.0, STM32Cube_FW_WB_V1.19.0, STM32Cube_FW_WL_V1.3.0, X-CUBE-ALGOBUILD_V1.4.0, X-CUBE-ALS_V1.0.1, X-CUBE-AZRTOS-F4_V1.1.0, X-CUBE-AZRTOS-F7_V1.1.0, X-CUBE-AZRTOS-G0_V1.1.0, X-CUBE-AZRTOS-G4_V2.0.0, X-CUBE-AZRTOS-H7_V3.2.0, X-CUBE-AZRTOS-L4_V1.0.0, X-CUBE-AZRTOS-L4_V2.0.0, X-CUBE-AZRTOS-L5_V1.1.0, X-CUBE-AZRTOS-WB_V2.0.0, X-CUBE-AZRTOS-WL_V2.0.0, X-CUBE-BLE1_V7.0.0, X-CUBE-BLE2_V3.3.0, X-CUBE-BLEMGR_V3.1.0, X-CUBE-EEPRMA1_V4.1.0, X-CUBE-EEPRMA1_V5.1.0, X-CUBE-FREERTOS_V1.1.0, X-CUBE-GNSS1_V6.0.0, X-CUBE-MEMS1_V10.0.0, X-CUBE-MEMS1_V9.1.0, X-CUBE-MEMS1_V9.4.0, X-CUBE-MEMS1_V9.6.0, X-CUBE-NFC4_V3.0.0, X-CUBE-NFC7_V1.0.1, X-CUBE-SFXS2LP1_V4.0.0, X-CUBE-SUBG2_V5.0.0, X-CUBE-TOF1_V3.4.0]
2024-06-06 21:46:59,375 [INFO] ApiDb:240 - Found 483 in-development CPN: [B-G473E-ZEST1S, B-WB1M-WPAN1, B-WL5M-SUBG1, NUCLEO-C031C6, NUCLEO-H503RB, NUCLEO-H533RE, NUCLEO-H563ZI, NUCLEO-H7S3L8, NUCLEO-U031R8, NUCLEO-U083RC, NUCLEO-U545RE-Q, NUCLEO-U5A5ZJ-Q, NUCLEO-WBA52CG, NUCLEO-WBA55CG, STEVAL-PROTEUS1, STEVAL-SMARTAG2, STEVAL-STWINBX1, STM320518-EVAL, STM32C0116-DK, STM32C011D6Y3TR, STM32C011D6Y6TR, STM32C011F4P3, STM32C011F4P6, STM32C011F4U3, STM32C011F4U6TR, STM32C011F6P3, STM32C011F6P6, STM32C011F6U3, STM32C011F6U6TR, STM32C011J4M3, STM32C011J4M6, STM32C011J6M3, STM32C011J6M6, STM32C0316-DK, STM32C031C4T3, STM32C031C4T6, STM32C031C4U3, STM32C031C4U6, STM32C031C6T3, STM32C031C6T6, STM32C031C6U3, STM32C031C6U6, STM32C031F4P3, STM32C031F4P6, STM32C031F6P3, STM32C031F6P6, STM32C031G4U3, STM32C031G4U6, STM32C031G6U3, STM32C031G6U6, STM32C031K4T3, STM32C031K4T6, STM32C031K4U3, STM32C031K4U6, STM32C031K6T3, STM32C031K6T6, STM32C031K6U3, STM32C031K6U6, STM32G071K8TXN, STM32G071K8UXN, STM32G081GBU6N, STM32G081KBT6N, STM32G081KBUXN, STM32G0B1CCT6N, STM32G0B1KCT6, STM32G0B1NEY6TR, STM32G0B1RCT6N, STM32G0C1CCT6, STM32G0C1CCT6N, STM32G0C1CCU6N, STM32G0C1CET6N, STM32G0C1CEU6N, STM32G0C1KCT6, STM32G0C1NEY6TR, STM32G0C1RCI6N, STM32G0C1RCT6N, STM32G0C1REI6N, STM32G0C1RET6N, STM32G0C1VCI6, STM32G0C1VEI6, STM32G471CCT6, STM32G471CCU6, STM32G471CET3, STM32G471CET6, STM32G471CEU3, STM32G471CEU6, STM32G471MCT6, STM32G471MET3, STM32G471MET6, STM32G471MEY6TR, STM32G471QCT6, STM32G471QET3, STM32G471RCT6, STM32G471RET3, STM32G471RET6, STM32G471VCH6, STM32G471VCI6, STM32G471VCT6, STM32G471VEH3, STM32G471VEH6, STM32G471VEI3, STM32G471VEI6, STM32G471VET3, STM32G471VET6, STM32G474CCT6, STM32H503CBT6, STM32H503CBU6, STM32H503EBY6TR, STM32H503KBU6, STM32H503RBT6, STM32H523CCT6, STM32H523CCU6, STM32H523CET6, STM32H523CEU6, STM32H523HEY6TR, STM32H523RCT6, STM32H523RET6, STM32H523VCI6, STM32H523VCT6, STM32H523VEI6, STM32H523VET6, STM32H523ZCJ6, STM32H523ZCT6, STM32H523ZEJ6, STM32H523ZET6, STM32H533CET6, STM32H533CEU6, STM32H533HEY6TR, STM32H533RET6, STM32H533VEI6, STM32H533VET6, STM32H533ZEJ6, STM32H533ZET6, STM32H562AGI6, STM32H562AII6, STM32H562IGK6, STM32H562IGT6, STM32H562IIK6, STM32H562IIT6, STM32H562RGT6, STM32H562RGV6, STM32H562RIT6, STM32H562RIV6, STM32H562VGT6, STM32H562VIT6, STM32H562ZGT6, STM32H562ZIT6, STM32H563AGI6, STM32H563AII3Q, STM32H563AII6, STM32H563IGK6, STM32H563IGT6, STM32H563IIK3Q, STM32H563IIK6, STM32H563IIT3Q, STM32H563IIT6, STM32H563MIY3QTR, STM32H563RGT6, STM32H563RGV6, STM32H563RIT6, STM32H563RIV6, STM32H563VGT6, STM32H563VIT3Q, STM32H563VIT6, STM32H563ZGT6, STM32H563ZIT3Q, STM32H563ZIT6, STM32H573AII3Q, STM32H573AII6, STM32H573I-DK, STM32H573IIK3Q, STM32H573IIK6, STM32H573IIT3Q, STM32H573IIT6, STM32H573MIY3QTR, STM32H573RIT6, STM32H573RIV6, STM32H573VIT3Q, STM32H573VIT6, STM32H573ZIT3Q, STM32H573ZIT6, STM32H7R3A8I6, STM32H7R3I8K6, STM32H7R3I8T6, STM32H7R3L8H6, STM32H7R3L8H6H, STM32H7R3R8V6, STM32H7R3V8H6, STM32H7R3V8T6, STM32H7R3V8Y6, STM32H7R3Z8J6, STM32H7R3Z8T6, STM32H7R7A8I6, STM32H7R7I8K6, STM32H7R7I8T6, STM32H7R7L8H6, STM32H7R7L8H6H, STM32H7R7Z8J6, STM32H7S3A8I6, STM32H7S3I8K6, STM32H7S3I8T6, STM32H7S3L8H6, STM32H7S3L8H6H, STM32H7S3R8V6, STM32H7S3V8H6, STM32H7S3V8T6, STM32H7S3V8Y6, STM32H7S3Z8J6, STM32H7S3Z8T6, STM32H7S78-DK, STM32H7S7A8I6, STM32H7S7I8K6, STM32H7S7I8T6, STM32H7S7L8H6, STM32H7S7L8H6H, STM32H7S7Z8J6, STM32L4R5QGI6STR, STM32MP131AAE3, STM32MP131AAF3, STM32MP131AAG3, STM32MP131CAE3, STM32MP131CAF3, STM32MP131CAG3, STM32MP131DAE7, STM32MP131DAF7, STM32MP131DAG7, STM32MP131FAE7, STM32MP131FAF7, STM32MP131FAG7, STM32MP133AAE3, STM32MP133AAF3, STM32MP133AAG3, STM32MP133CAE3, STM32MP133CAF3, STM32MP133CAG3, STM32MP133DAE7, STM32MP133DAF7, STM32MP133DAG7, STM32MP133FAE7, STM32MP133FAF7, STM32MP133FAG7, STM32MP135AAE3, STM32MP135AAF3, STM32MP135AAG3, STM32MP135CAE3, STM32MP135CAF3, STM32MP135CAG3, STM32MP135DAE7, STM32MP135DAF7, STM32MP135DAG7, STM32MP135F-DK, STM32MP135FAE7, STM32MP135FAF7, STM32MP135FAF7T, STM32MP135FAF7U, STM32MP135FAG7, STM32U031C6T6, STM32U031C6U6, STM32U031C8T6, STM32U031C8U6, STM32U031F4P6, STM32U031F6P6, STM32U031F8P6, STM32U031G6Y6TR, STM32U031G8Y6TR, STM32U031K4U6, STM32U031K6U6, STM32U031K8U6, STM32U031R6I6, STM32U031R6T6, STM32U031R8I6, STM32U031R8T6, STM32U073C8T6, STM32U073C8U6, STM32U073CBT6, STM32U073CBU6, STM32U073CCT6, STM32U073CCU6, STM32U073H8Y6TR, STM32U073HBY6TR, STM32U073HCY6TR, STM32U073K8U6, STM32U073KBU6, STM32U073KCU6, STM32U073M8I6, STM32U073M8T6, STM32U073MBI6, STM32U073MBT6, STM32U073MCI6, STM32U073MCT6, STM32U073R8I6, STM32U073R8T6, STM32U073RBI6, STM32U073RBT6, STM32U073RCI6, STM32U073RCT6, STM32U083C-DK, STM32U083CCT6, STM32U083CCU6, STM32U083HCY6TR, STM32U083KCU6, STM32U083MCI6, STM32U083MCT6, STM32U083RCI6, STM32U083RCT6, STM32U535CBT6, STM32U535CBT6Q, STM32U535CBU6, STM32U535CBU6Q, STM32U535CCT6, STM32U535CCT6Q, STM32U535CCU6, STM32U535CCU6Q, STM32U535CET6, STM32U535CET6Q, STM32U535CEU6, STM32U535CEU6Q, STM32U535JEY6QTR, STM32U535NCY6QTR, STM32U535NEY6QTR, STM32U535RBI6, STM32U535RBI6Q, STM32U535RBT6, STM32U535RBT6Q, STM32U535RCI6, STM32U535RCI6Q, STM32U535RCT6, STM32U535RCT6Q, STM32U535REI6, STM32U535REI6Q, STM32U535RET6, STM32U535RET6Q, STM32U535VCI6, STM32U535VCI6Q, STM32U535VCT6, STM32U535VCT6Q, STM32U535VEI6, STM32U535VEI6Q, STM32U535VET6, STM32U535VET6Q, STM32U545CET6, STM32U545CET6Q, STM32U545CEU6, STM32U545CEU6Q, STM32U545JEY6QTR, STM32U545NEY6QTR, STM32U545REI6, STM32U545REI6Q, STM32U545RET6, STM32U545RET6Q, STM32U545VEI6, STM32U545VEI6Q, STM32U545VET6, STM32U545VET6Q, STM32U595AIH6, STM32U595AIH6Q, STM32U595AJH6, STM32U595AJH6Q, STM32U595QII6, STM32U595QII6Q, STM32U595QJI6, STM32U595QJI6Q, STM32U595RIT6, STM32U595RIT6Q, STM32U595RJT6, STM32U595RJT6Q, STM32U595VIT6, STM32U595VIT6Q, STM32U595VJT6, STM32U595VJT6Q, STM32U595ZIT6, STM32U595ZIT6Q, STM32U595ZIY6QTR, STM32U595ZJT6, STM32U595ZJT6Q, STM32U595ZJY6QTR, STM32U599BJY6QTR, STM32U599NIH6Q, STM32U599NJH6Q, STM32U599VIT6Q, STM32U599VJT6, STM32U599VJT6Q, STM32U599ZIT6Q, STM32U599ZIY6QTR, STM32U599ZJT6Q, STM32U599ZJY6QTR, STM32U5A5AJH6, STM32U5A5AJH6Q, STM32U5A5QII3Q , STM32U5A5QJI6, STM32U5A5QJI6Q, STM32U5A5RJT6, STM32U5A5RJT6Q, STM32U5A5VJT6, STM32U5A5VJT6Q, STM32U5A5ZJT6, STM32U5A5ZJT6Q, STM32U5A5ZJY6QTR, STM32U5A9BJY6QTR, STM32U5A9J-DK, STM32U5A9NJH6Q, STM32U5A9VJT6Q, STM32U5A9ZJT6Q, STM32U5A9ZJY6QTR, STM32U5F7VIT6, STM32U5F7VIT6Q, STM32U5F7VJT6, STM32U5F7VJT6Q, STM32U5F9BJY6QTR, STM32U5F9NJH6Q, STM32U5F9VIT6Q, STM32U5F9VJT6Q, STM32U5F9ZIJ6QTR, STM32U5F9ZIT6Q, STM32U5F9ZJJ6QTR, STM32U5F9ZJT6Q, STM32U5G7VJT6, STM32U5G7VJT6Q, STM32U5G9BJY6QTR, STM32U5G9J-DK1, STM32U5G9J-DK2, STM32U5G9NJH6Q, STM32U5G9VJT6Q, STM32U5G9ZJJ6QTR, STM32U5G9ZJT6Q, STM32WB1MMCH6, STM32WBA50KEU6, STM32WBA50KEU6TR, STM32WBA50KGU6, STM32WBA50KGU6TR, STM32WBA52CEU6, STM32WBA52CEU6TR, STM32WBA52CEU7, STM32WBA52CEU7TR, STM32WBA52CGU6, STM32WBA52CGU6TR, STM32WBA52CGU6U, STM32WBA52CGU7, STM32WBA52CGU7TR, STM32WBA52KEU6, STM32WBA52KEU6TR, STM32WBA52KGU6, STM32WBA52KGU6TR, STM32WBA54CEU6, STM32WBA54CEU6TR, STM32WBA54CEU7, STM32WBA54CEU7TR, STM32WBA54CGU6, STM32WBA54CGU6TR, STM32WBA54CGU7, STM32WBA54CGU7TR, STM32WBA54KEU6, STM32WBA54KEU6TR, STM32WBA54KEU7, STM32WBA54KEU7TR, STM32WBA54KGU6, STM32WBA54KGU6TR, STM32WBA54KGU7, STM32WBA54KGU7TR, STM32WBA55CEU6, STM32WBA55CEU6TR, STM32WBA55CEU7, STM32WBA55CEU7TR, STM32WBA55CGU6, STM32WBA55CGU6TR, STM32WBA55CGU6U, STM32WBA55CGU7, STM32WBA55CGU7TR, STM32WBA55G-DK1, STM32WBA55HEF6, STM32WBA55HEF7, STM32WBA55HGF6, STM32WBA55HGF7, STM32WBA55UEI6, STM32WBA55UEI6TR, STM32WBA55UEI7, STM32WBA55UEI7TR, STM32WBA55UGI6, STM32WBA55UGI6TR, STM32WBA55UGI7, STM32WBA55UGI7TR, STM32WL5MOCH6, STM32WL5MOCH6TR]
2024-06-06 21:46:59,378 [INFO] DbMcus:218 - Found 4096 MCUs, 4096 are supported
2024-06-06 21:46:59,378 [INFO] ApiDb:423 - Load user favorites file C:\Users\z0976/.stm32cubeide/favorites.mcus.txt: 1 item(s)
2024-06-06 21:46:59,378 [INFO] ApiDb:427 - User favorites MCUs=[STM32F446ZET6]
2024-06-06 21:46:59,378 [INFO] DbMcus:224 - Set 1 / 1 favorites MCUs
2024-06-06 21:46:59,531 [INFO] ApiDb:423 - Load user favorites file C:\Users\z0976/.stm32cubeide/favorites.boards.txt: 0 item(s)
2024-06-06 21:46:59,531 [INFO] ApiDb:427 - User favorites Boards=[]
2024-06-06 21:46:59,531 [INFO] DbBoards:198 - Set 0 / 0 favorites Boards
2024-06-06 21:46:59,597 [INFO] UtilMem:75 - End LoadConfig() Used Memory: 294728592 Bytes (438304768)
2024-06-06 21:46:59,673 [WARN] ThirdParty:833 - waiting for thirdparty lock release [change project]
2024-06-06 21:46:59,673 [INFO] ThirdParty:835 - entering critical section [change project]
2024-06-06 21:46:59,673 [INFO] ThirdParty:1030 - CMSIS Pack Vendor :STMicroelectronics USBPD 4.1
2024-06-06 21:46:59,674 [INFO] ThirdParty:1030 - CMSIS Pack Vendor :STMicroelectronics X-CUBE-GNSS1 6.0.0
2024-06-06 21:46:59,674 [INFO] ThirdParty:1030 - CMSIS Pack Vendor :STMicroelectronics USB_HOST 2.0.0
2024-06-06 21:46:59,674 [INFO] ThirdParty:1030 - CMSIS Pack Vendor :STMicroelectronics FP-SNS-MOTENVWB1 1.4.0
2024-06-06 21:46:59,674 [INFO] ThirdParty:1030 - CMSIS Pack Vendor :STMicroelectronics X-CUBE-AZRTOS-F4 1.1.0
2024-06-06 21:46:59,674 [INFO] ThirdParty:1030 - CMSIS Pack Vendor :STMicroelectronics LIBJPEG 8.0.0
2024-06-06 21:46:59,674 [INFO] ThirdParty:1030 - CMSIS Pack Vendor :STMicroelectronics X-CUBE-SMBUS 2.1.0
2024-06-06 21:46:59,674 [INFO] ThirdParty:1030 - CMSIS Pack Vendor :STMicroelectronics USB_DEVICE 3.0.0
2024-06-06 21:46:59,674 [INFO] ThirdParty:1030 - CMSIS Pack Vendor :STMicroelectronics X-CUBE-TCPP 4.1.0
2024-06-06 21:46:59,674 [INFO] ThirdParty:1030 - CMSIS Pack Vendor :STMicroelectronics X-CUBE-FREERTOS 1.2.0
2024-06-06 21:46:59,674 [INFO] ThirdParty:1030 - CMSIS Pack Vendor :STMicroelectronics X-CUBE-AZRTOS-WB 2.0.0
2024-06-06 21:46:59,674 [INFO] ThirdParty:1030 - CMSIS Pack Vendor :STMicroelectronics X-CUBE-TOUCHGFX 4.23.2
2024-06-06 21:46:59,674 [INFO] ThirdParty:1030 - CMSIS Pack Vendor :STMicroelectronics X-CUBE-AZRTOS-F7 1.1.0
2024-06-06 21:46:59,674 [INFO] ThirdParty:1030 - CMSIS Pack Vendor :STMicroelectronics X-CUBE-AZRTOS-L5 2.0.0
2024-06-06 21:46:59,674 [INFO] ThirdParty:1030 - CMSIS Pack Vendor :STMicroelectronics USB_DEVICE 2.0.0
2024-06-06 21:46:59,674 [INFO] ThirdParty:1030 - CMSIS Pack Vendor :STMicroelectronics X-CUBE-NFC6 3.1.0
2024-06-06 21:46:59,674 [INFO] ThirdParty:1030 - CMSIS Pack Vendor :STMicroelectronics FreeRTOS 0.0.1
2024-06-06 21:46:59,674 [INFO] ThirdParty:1030 - CMSIS Pack Vendor :STMicroelectronics X-CUBE-AZRTOS-G0 1.1.0
2024-06-06 21:46:59,674 [INFO] ThirdParty:1030 - CMSIS Pack Vendor :STMicroelectronics X-CUBE-SAFEA1 1.2.2
2024-06-06 21:46:59,674 [INFO] ThirdParty:1030 - CMSIS Pack Vendor :STMicroelectronics X-CUBE-NFC4 3.0.0
2024-06-06 21:46:59,674 [INFO] ThirdParty:1030 - CMSIS Pack Vendor :STMicroelectronics X-CUBE-SUBG2 5.0.0
2024-06-06 21:46:59,674 [INFO] ThirdParty:1030 - CMSIS Pack Vendor :STMicroelectronics STM32_WPAN 1.0.0
2024-06-06 21:46:59,674 [INFO] ThirdParty:1030 - CMSIS Pack Vendor :wolfSSL I-CUBE-wolfMQTT 1.18.0
2024-06-06 21:46:59,674 [INFO] ThirdParty:1030 - CMSIS Pack Vendor :STMicroelectronics lwIP 2.0.3
2024-06-06 21:46:59,674 [INFO] ThirdParty:1030 - CMSIS Pack Vendor :STMicroelectronics FP-SNS-FLIGHT1 5.0.2
2024-06-06 21:46:59,674 [INFO] ThirdParty:1030 - CMSIS Pack Vendor :Cesanta I-CUBE-Mongoose 7.13.0
2024-06-06 21:46:59,674 [INFO] ThirdParty:1030 - CMSIS Pack Vendor :STMicroelectronics USB_HOST 1.0.0
2024-06-06 21:46:59,674 [INFO] ThirdParty:1030 - CMSIS Pack Vendor :STMicroelectronics X-CUBE-AI 9.0.0
2024-06-06 21:46:59,674 [INFO] ThirdParty:1030 - CMSIS Pack Vendor :STMicroelectronics X-CUBE-AZRTOS-G4 2.0.0
2024-06-06 21:46:59,674 [INFO] ThirdParty:1030 - CMSIS Pack Vendor :STMicroelectronics PDM2PCM 3.1.0
2024-06-06 21:46:59,674 [INFO] ThirdParty:1030 - CMSIS Pack Vendor :STMicroelectronics PDM2PCM 3.3.0
2024-06-06 21:46:59,674 [INFO] ThirdParty:1030 - CMSIS Pack Vendor :STMicroelectronics X-CUBE-DISPLAY 3.0.0
2024-06-06 21:46:59,674 [INFO] ThirdParty:1030 - CMSIS Pack Vendor :wolfSSL I-CUBE-wolfSSL 5.7.0
2024-06-06 21:46:59,674 [INFO] ThirdParty:1030 - CMSIS Pack Vendor :STMicroelectronics X-CUBE-BLE1 7.0.0
2024-06-06 21:46:59,674 [INFO] ThirdParty:1030 - CMSIS Pack Vendor :STMicroelectronics FP-ATR-SIGFOX1 3.2.0
2024-06-06 21:46:59,674 [INFO] ThirdParty:1030 - CMSIS Pack Vendor :STMicroelectronics X-CUBE-ISPU 2.0.0
2024-06-06 21:46:59,674 [INFO] ThirdParty:1030 - CMSIS Pack Vendor :STMicroelectronics X-CUBE-EEPRMA1 5.1.0
2024-06-06 21:46:59,674 [INFO] ThirdParty:1030 - CMSIS Pack Vendor :STMicroelectronics HAL Drivers 0.0.0
2024-06-06 21:46:59,674 [INFO] ThirdParty:1030 - CMSIS Pack Vendor :STMicroelectronics MBEDTLS 2.16.2
2024-06-06 21:46:59,674 [INFO] ThirdParty:1030 - CMSIS Pack Vendor :STMicroelectronics X-CUBE-ALS 1.0.2
2024-06-06 21:46:59,674 [INFO] ThirdParty:1030 - CMSIS Pack Vendor :emotas I-CUBE-CANOPEN 1.3.0
2024-06-06 21:46:59,674 [INFO] ThirdParty:1030 - CMSIS Pack Vendor :STMicroelectronics X-CUBE-MEMS1 10.0.0
2024-06-06 21:46:59,674 [INFO] ThirdParty:1030 - CMSIS Pack Vendor :STMicroelectronics X-CUBE-NFC7 1.0.1
2024-06-06 21:46:59,674 [INFO] ThirdParty:1030 - CMSIS Pack Vendor :STMicroelectronics MBEDTLS 2.14.1
2024-06-06 21:46:59,674 [INFO] ThirdParty:1030 - CMSIS Pack Vendor :ITTIA_DB I-CUBE-ITTIADB 8.9.0
2024-06-06 21:46:59,674 [INFO] ThirdParty:1030 - CMSIS Pack Vendor :portGmbH I-Cube-SoM-uGOAL 1.1.0
2024-06-06 21:46:59,674 [INFO] ThirdParty:1030 - CMSIS Pack Vendor :STMicroelectronics X-CUBE-BLEMGR 3.1.0
2024-06-06 21:46:59,674 [INFO] ThirdParty:1030 - CMSIS Pack Vendor :STMicroelectronics ThreadX 1.0.0
2024-06-06 21:46:59,674 [INFO] ThirdParty:1030 - CMSIS Pack Vendor :STMicroelectronics FP-SNS-SMARTAG2 1.2.0
2024-06-06 21:46:59,674 [INFO] ThirdParty:1030 - CMSIS Pack Vendor :STMicroelectronics X-CUBE-AZRTOS-WL 2.0.0
2024-06-06 21:46:59,674 [INFO] ThirdParty:1030 - CMSIS Pack Vendor :SEGGER I-CUBE-embOS 1.3.1
2024-06-06 21:46:59,674 [INFO] ThirdParty:1030 - CMSIS Pack Vendor :STMicroelectronics X-CUBE-ALGOBUILD 1.4.0
2024-06-06 21:46:59,674 [INFO] ThirdParty:1030 - CMSIS Pack Vendor :STMicroelectronics FP-SNS-MOTENV1 5.0.0
2024-06-06 21:46:59,674 [INFO] ThirdParty:1030 - CMSIS Pack Vendor :STMicroelectronics USB_DEVICE 1.0.0
2024-06-06 21:46:59,674 [INFO] ThirdParty:1030 - CMSIS Pack Vendor :STMicroelectronics X-CUBE-AZRTOS-H7RS 1.0.0
2024-06-06 21:46:59,674 [INFO] ThirdParty:1030 - CMSIS Pack Vendor :STMicroelectronics X-CUBE-AZRTOS-L4 2.0.0
2024-06-06 21:46:59,674 [INFO] ThirdParty:1030 - CMSIS Pack Vendor :STMicroelectronics ThreadX 0.0.2
2024-06-06 21:46:59,674 [INFO] ThirdParty:1030 - CMSIS Pack Vendor :WES I-CUBE-Cesium 1.3.0
2024-06-06 21:46:59,674 [INFO] ThirdParty:1030 - CMSIS Pack Vendor :STMicroelectronics FP-ATR-ASTRA1 2.0.0
2024-06-06 21:46:59,674 [INFO] ThirdParty:1030 - CMSIS Pack Vendor :STMicroelectronics lwIP 2.1.2
2024-06-06 21:46:59,674 [INFO] ThirdParty:1030 - CMSIS Pack Vendor :STMicroelectronics X-CUBE-SFXS2LP1 4.0.0
2024-06-06 21:46:59,674 [INFO] ThirdParty:1030 - CMSIS Pack Vendor :STMicroelectronics X-CUBE-BLE2 3.3.0
2024-06-06 21:46:59,674 [INFO] ThirdParty:1030 - CMSIS Pack Vendor :STMicroelectronics X-CUBE-TOF1 3.4.1
2024-06-06 21:46:59,674 [INFO] ThirdParty:1030 - CMSIS Pack Vendor :STMicroelectronics X-CUBE-AZRTOS-H7 3.2.0
2024-06-06 21:46:59,674 [INFO] ThirdParty:1030 - CMSIS Pack Vendor :Infineon AIROC-Wi-Fi-Bluetooth-STM32 1.6.0
2024-06-06 21:46:59,674 [INFO] ThirdParty:1030 - CMSIS Pack Vendor :STMicroelectronics PDM2PCM 3.2.0
2024-06-06 21:46:59,674 [INFO] ThirdParty:841 - exiting critical section [change project]
2024-06-06 21:46:59,928 [INFO] PinOutPanel:1561 - setPackage(No Configuration,No Configuration)
2024-06-06 21:46:59,929 [INFO] PinOutPanel:1561 - setPackage(STM32F446ZETx,LQFP144)
2024-06-06 21:47:00,217 [INFO] UtilMem:75 - Before build in PCC Used Memory: 329937520 Bytes (438304768)
2024-06-06 21:47:00,794 [INFO] UtilMem:75 - After build in PCC Used Memory: 218783512 Bytes (438304768)
2024-06-06 21:47:00,817 [INFO] IPUIPlugin:80 - create IPUIPlugin
2024-06-06 21:47:00,817 [INFO] IPUIPlugin:80 - create IPUIPlugin
2024-06-06 21:47:00,817 [INFO] IPUIPlugin:80 - create IPUIPlugin
2024-06-06 21:47:00,817 [INFO] IPUIPlugin:80 - create IPUIPlugin
2024-06-06 21:47:00,818 [INFO] IPUIPlugin:80 - create IPUIPlugin
2024-06-06 21:47:00,818 [INFO] IPUIPlugin:80 - create IPUIPlugin
2024-06-06 21:47:00,818 [INFO] IPUIPlugin:80 - create IPUIPlugin
2024-06-06 21:47:00,818 [INFO] IPUIPlugin:80 - create IPUIPlugin
2024-06-06 21:47:00,818 [INFO] IPUIPlugin:80 - create IPUIPlugin
2024-06-06 21:47:00,818 [INFO] IPUIPlugin:80 - create IPUIPlugin
2024-06-06 21:47:00,818 [INFO] IPUIPlugin:80 - create IPUIPlugin
2024-06-06 21:47:00,819 [INFO] IPUIPlugin:80 - create IPUIPlugin
2024-06-06 21:47:00,819 [INFO] IPUIPlugin:80 - create IPUIPlugin
2024-06-06 21:47:00,819 [INFO] IPUIPlugin:80 - create IPUIPlugin
2024-06-06 21:47:00,819 [INFO] IPUIPlugin:80 - create IPUIPlugin
2024-06-06 21:47:00,819 [INFO] IPUIPlugin:80 - create IPUIPlugin
2024-06-06 21:47:00,819 [INFO] IPUIPlugin:80 - create IPUIPlugin
2024-06-06 21:47:00,819 [INFO] IPUIPlugin:80 - create IPUIPlugin
2024-06-06 21:47:00,819 [INFO] IPUIPlugin:80 - create IPUIPlugin
2024-06-06 21:47:00,819 [INFO] IPUIPlugin:80 - create IPUIPlugin
2024-06-06 21:47:00,820 [INFO] IPUIPlugin:80 - create IPUIPlugin
2024-06-06 21:47:00,820 [INFO] IPUIPlugin:80 - create IPUIPlugin
2024-06-06 21:47:00,820 [INFO] IPUIPlugin:80 - create IPUIPlugin
2024-06-06 21:47:00,820 [INFO] IPUIPlugin:80 - create IPUIPlugin
2024-06-06 21:47:00,820 [INFO] IPUIPlugin:80 - create IPUIPlugin
2024-06-06 21:47:00,820 [INFO] IPUIPlugin:80 - create IPUIPlugin
2024-06-06 21:47:00,820 [INFO] IPUIPlugin:80 - create IPUIPlugin
2024-06-06 21:47:00,820 [INFO] IPUIPlugin:80 - create IPUIPlugin
2024-06-06 21:47:00,820 [INFO] IPUIPlugin:80 - create IPUIPlugin
2024-06-06 21:47:00,821 [INFO] IPUIPlugin:80 - create IPUIPlugin
2024-06-06 21:47:00,821 [INFO] IPUIPlugin:80 - create IPUIPlugin
2024-06-06 21:47:00,821 [INFO] IPUIPlugin:80 - create IPUIPlugin
2024-06-06 21:47:00,821 [INFO] IPUIPlugin:80 - create IPUIPlugin
2024-06-06 21:47:00,821 [INFO] IPUIPlugin:80 - create IPUIPlugin
2024-06-06 21:47:00,821 [INFO] IPUIPlugin:80 - create IPUIPlugin
2024-06-06 21:47:00,821 [INFO] IPUIPlugin:80 - create IPUIPlugin
2024-06-06 21:47:00,821 [INFO] IPUIPlugin:80 - create IPUIPlugin
2024-06-06 21:47:00,821 [INFO] IPUIPlugin:80 - create IPUIPlugin
2024-06-06 21:47:00,822 [INFO] IPUIPlugin:80 - create IPUIPlugin
2024-06-06 21:47:00,822 [INFO] IPUIPlugin:80 - create IPUIPlugin
2024-06-06 21:47:00,822 [INFO] IPUIPlugin:80 - create IPUIPlugin
2024-06-06 21:47:00,822 [INFO] IPUIPlugin:80 - create IPUIPlugin
2024-06-06 21:47:00,822 [INFO] IPUIPlugin:80 - create IPUIPlugin
2024-06-06 21:47:00,823 [INFO] IPUIPlugin:80 - create IPUIPlugin
2024-06-06 21:47:00,823 [INFO] IPUIPlugin:80 - create IPUIPlugin
2024-06-06 21:47:00,823 [INFO] IPUIPlugin:80 - create IPUIPlugin
2024-06-06 21:47:00,824 [INFO] IPUIPlugin:80 - create IPUIPlugin
2024-06-06 21:47:00,824 [INFO] IPUIPlugin:80 - create IPUIPlugin
2024-06-06 21:47:00,824 [INFO] IPUIPlugin:80 - create IPUIPlugin
2024-06-06 21:47:00,824 [INFO] IPUIPlugin:80 - create IPUIPlugin
2024-06-06 21:47:00,824 [INFO] IPUIPlugin:80 - create IPUIPlugin
2024-06-06 21:47:00,824 [INFO] IPUIPlugin:80 - create IPUIPlugin
2024-06-06 21:47:00,825 [INFO] IPUIPlugin:80 - create IPUIPlugin
2024-06-06 21:47:00,825 [INFO] IPUIPlugin:80 - create IPUIPlugin
2024-06-06 21:47:00,825 [INFO] IPUIPlugin:80 - create IPUIPlugin
2024-06-06 21:47:00,825 [INFO] IPUIPlugin:80 - create IPUIPlugin
2024-06-06 21:47:00,825 [INFO] IPUIPlugin:80 - create IPUIPlugin
2024-06-06 21:47:00,825 [INFO] IPUIPlugin:80 - create IPUIPlugin
2024-06-06 21:47:00,826 [INFO] IPUIPlugin:80 - create IPUIPlugin
2024-06-06 21:47:00,826 [INFO] IPUIPlugin:80 - create IPUIPlugin
2024-06-06 21:47:00,826 [INFO] IPUIPlugin:80 - create IPUIPlugin
2024-06-06 21:47:00,827 [INFO] IPUIPlugin:80 - create IPUIPlugin
2024-06-06 21:47:00,827 [INFO] IPUIPlugin:80 - create IPUIPlugin
2024-06-06 21:47:00,896 [INFO] ApiDbMcu:508 - Load IP Config File for PDM2PCM
2024-06-06 21:47:00,993 [INFO] CADModel:165 - CPN selected for project levelSTM32F446ZET6
2024-06-06 21:47:00,993 [INFO] CADModel:114 - Register for checkConnection events
2024-06-06 21:47:01,059 [INFO] OpenFileManager:343 - Restore cursor
2024-06-06 21:49:05,265 [INFO] MainUpdater:2873 - connection check result : 10
2024-06-06 21:49:05,265 [INFO] MainUpdater:2873 - connection check result : 10
2024-06-06 21:49:05,810 [INFO] MicroXplorer:468 - Change Database Path : 
2024-06-06 21:49:05,810 [INFO] MicroXplorer:498 - Change Database Version : DB.6.0.111
2024-06-06 21:49:05,818 [ERROR] ProjectManagerView:394 - 
java.lang.NullPointerException: Cannot invoke "javax.swing.JTextField.getText()" because the return value of "java.util.List.get(int)" is null
	at com.st.microxplorer.plugins.projectmanager.gui.ProjectChoiceTab$10.caretUpdate(ProjectChoiceTab.java:2504) ~[filemanager.jar:?]
	at javax.swing.text.JTextComponent.fireCaretUpdate(JTextComponent.java:412) ~[?:?]
	at javax.swing.text.JTextComponent$MutableCaretEvent.fire(JTextComponent.java:4491) ~[?:?]
	at javax.swing.text.JTextComponent$MutableCaretEvent.stateChanged(JTextComponent.java:4513) ~[?:?]
	at javax.swing.text.DefaultCaret.fireStateChanged(DefaultCaret.java:842) ~[?:?]
	at javax.swing.text.DefaultCaret.changeCaretPosition(DefaultCaret.java:1313) ~[?:?]
	at javax.swing.text.DefaultCaret.handleSetDot(DefaultCaret.java:1212) ~[?:?]
	at javax.swing.text.DefaultCaret.setDot(DefaultCaret.java:1193) ~[?:?]
	at javax.swing.text.DefaultCaret$Handler.insertUpdate(DefaultCaret.java:1789) ~[?:?]
	at javax.swing.text.AbstractDocument.fireInsertUpdate(AbstractDocument.java:226) ~[?:?]
	at javax.swing.text.AbstractDocument.handleInsertString(AbstractDocument.java:780) ~[?:?]
	at javax.swing.text.AbstractDocument.insertString(AbstractDocument.java:739) ~[?:?]
	at javax.swing.text.PlainDocument.insertString(PlainDocument.java:131) ~[?:?]
	at javax.swing.text.AbstractDocument.replace(AbstractDocument.java:698) ~[?:?]
	at javax.swing.text.JTextComponent.setText(JTextComponent.java:1729) ~[?:?]
	at com.st.microxplorer.plugins.projectmanager.gui.ProjectChoiceTab.createHeapStackFields(ProjectChoiceTab.java:944) ~[filemanager.jar:?]
	at com.st.microxplorer.plugins.projectmanager.gui.ProjectChoiceTab.buildLinkSettingsPanel(ProjectChoiceTab.java:3475) ~[filemanager.jar:?]
	at com.st.microxplorer.plugins.projectmanager.gui.ProjectChoiceTab.defineWindowsFields(ProjectChoiceTab.java:1816) ~[filemanager.jar:?]
	at com.st.microxplorer.plugins.projectmanager.gui.ProjectChoiceTab.updateSettings(ProjectChoiceTab.java:544) ~[filemanager.jar:?]
	at com.st.microxplorer.plugins.projectmanager.gui.ProjectSettingsPanel.UpdateDialog(ProjectSettingsPanel.java:245) ~[filemanager.jar:?]
	at com.st.microxplorer.plugins.projectmanager.ProjectManagerView.propertyChange(ProjectManagerView.java:391) ~[filemanager.jar:?]
	at java.beans.PropertyChangeSupport.fire(PropertyChangeSupport.java:343) ~[?:?]
	at java.beans.PropertyChangeSupport.firePropertyChange(PropertyChangeSupport.java:335) ~[?:?]
	at java.beans.PropertyChangeSupport.firePropertyChange(PropertyChangeSupport.java:268) ~[?:?]
	at com.st.microxplorer.util.MXPropertyChangeSupport.firePropertyChange(MXPropertyChangeSupport.java:54) ~[STM32CubeMX.jar:?]
	at com.st.microxplorer.mxsystem.MxSystem.closeConfig(MxSystem.java:900) ~[STM32CubeMX.jar:?]
	at com.st.microxplorer.maingui.MainPanel.closeConfig(MainPanel.java:776) ~[STM32CubeMX.jar:?]
	at com.st.microxplorer.plugins.filemanager.engine.OpenFileManager.loadConfigurationFile(OpenFileManager.java:245) ~[filemanager.jar:?]
	at com.st.microxplorer.plugins.filemanager.engine.MainFileManager.userLoadConfig(MainFileManager.java:315) ~[filemanager.jar:?]
	at com.st.microxplorer.plugins.filemanager.engine.MainFileManager.userLoadConfig(MainFileManager.java:293) ~[filemanager.jar:?]
	at com.st.microxplorer.plugins.filemanager.FileManagerView.getSpecificTask(FileManagerView.java:247) ~[filemanager.jar:?]
	at com.st.stm32cube.common.mx.editor.CubeMxEditor.getMxTabbedPaneInstance(CubeMxEditor.java:1198) ~[com.st.stm32cube.common.mx_6.11.1.202404110753/:?]
	at com.st.stm32cube.common.mx.editor.CubeMxEditor$12$1.createSwingComponent(CubeMxEditor.java:1068) ~[com.st.stm32cube.common.mx_6.11.1.202404110753/:?]
	at com.st.stm32cube.common.mx.oss.core.awtswtbridge.EmbeddedSwingComposite.doComponentCreation(EmbeddedSwingComposite.java:492) ~[com.st.stm32cube.common.mx.oss_6.11.1.202404110753/:?]
	at com.st.stm32cube.common.mx.oss.core.awtswtbridge.EmbeddedSwingComposite$4.run(EmbeddedSwingComposite.java:291) ~[com.st.stm32cube.common.mx.oss_6.11.1.202404110753/:?]
	at com.st.stm32cube.common.mx.oss.core.awtswtbridge.AwtEnvironment$2.run(AwtEnvironment.java:166) ~[com.st.stm32cube.common.mx.oss_6.11.1.202404110753/:?]
	at java.awt.event.InvocationEvent.dispatch(InvocationEvent.java:318) ~[?:?]
	at java.awt.EventQueue.dispatchEventImpl(EventQueue.java:773) ~[?:?]
	at java.awt.EventQueue$4.run(EventQueue.java:720) ~[?:?]
	at java.awt.EventQueue$4.run(EventQueue.java:714) ~[?:?]
	at java.security.AccessController.doPrivileged(AccessController.java:399) ~[?:?]
	at java.security.ProtectionDomain$JavaSecurityAccessImpl.doIntersectionPrivilege(ProtectionDomain.java:86) ~[?:?]
	at java.awt.EventQueue.dispatchEvent(EventQueue.java:742) ~[?:?]
	at java.awt.EventDispatchThread.pumpOneEventForFilters(EventDispatchThread.java:203) ~[?:?]
	at java.awt.EventDispatchThread.pumpEventsForFilter(EventDispatchThread.java:124) ~[?:?]
	at java.awt.EventDispatchThread.pumpEventsForHierarchy(EventDispatchThread.java:113) ~[?:?]
	at java.awt.EventDispatchThread.pumpEvents(EventDispatchThread.java:109) ~[?:?]
	at java.awt.EventDispatchThread.pumpEvents(EventDispatchThread.java:101) ~[?:?]
	at java.awt.EventDispatchThread.run(EventDispatchThread.java:90) ~[?:?]
2024-06-06 21:49:05,821 [WARN] ThirdParty:871 - waiting for thirdparty lock release [close project]
2024-06-06 21:49:05,821 [INFO] ThirdParty:873 - entering critical section [close project]
2024-06-06 21:49:05,823 [INFO] ThirdParty:883 - exiting critical section [close project]
2024-06-06 21:49:05,824 [INFO] PinOutPanel:1561 - setPackage(No Configuration,No Configuration)
2024-06-06 21:49:05,832 [WARN] IpParametersView:151 - Warning: This peripheral hasn't parameters
2024-06-06 21:49:05,838 [WARN] MainPanel:272 - <html><b><center>Warning: This peripheral has no parameters to be configured<br></b></html>
2024-06-06 21:49:05,844 [INFO] UtilMem:75 - Begin LoadConfig() Used Memory: 606889472 Bytes (943718400)
2024-06-06 21:49:05,844 [INFO] MicroXplorer:468 - Change Database Path : 
2024-06-06 21:49:05,844 [INFO] MicroXplorer:498 - Change Database Version : DB.6.0.111
2024-06-06 21:49:05,844 [INFO] OpenFileManager:312 - Change cursor
2024-06-06 21:49:05,847 [INFO] Mcu:2021 - Initializing MCU STM32F446Z(C-E)Tx STM32F446ZETx STM32F446ZET6
2024-06-06 21:49:06,686 [INFO] Context:663 - Trying to add GPIOservice into a context  which must be forbidden
2024-06-06 21:49:06,856 [INFO] RtosManager:555 - Registered RTOS mode: class=CMSIS, group=RTOS, mode=CMSIS_V1, owner=FREERTOS
2024-06-06 21:49:06,856 [INFO] RtosManager:555 - Registered RTOS mode: class=CMSIS, group=RTOS2, mode=CMSIS_V2, owner=FREERTOS
2024-06-06 21:49:06,856 [INFO] RtosManager:555 - Registered RTOS mode: class=RTOS, group=Core, mode=CMSIS_V1, owner=FREERTOS
2024-06-06 21:49:06,856 [INFO] RtosManager:555 - Registered RTOS mode: class=RTOS, group=Core, mode=CMSIS_V2, owner=FREERTOS
2024-06-06 21:49:06,856 [WARN] ModelIntegratedComponent:184 - Missing modes for component STMicroelectronics:FreeRTOS:0.0.1:STMicroelectronics:RTOS:FreeRTOS:Core:::10.2.0:
2024-06-06 21:49:06,861 [WARN] ModelIntegratedComponent:63 - No mode defined for component null
2024-06-06 21:49:06,862 [WARN] ModelIntegratedComponent:63 - No mode defined for component null
2024-06-06 21:49:06,862 [WARN] ModelIntegratedComponent:63 - No mode defined for component null
2024-06-06 21:49:06,862 [WARN] ModelIntegratedComponent:63 - No mode defined for component null
2024-06-06 21:49:06,862 [WARN] ModelIntegratedComponent:63 - No mode defined for component null
2024-06-06 21:49:06,862 [WARN] ModelIntegratedComponent:63 - No mode defined for component null
2024-06-06 21:49:06,862 [WARN] ModelIntegratedComponent:63 - No mode defined for component null
2024-06-06 21:49:06,862 [WARN] ModelIntegratedComponent:63 - No mode defined for component null
2024-06-06 21:49:06,862 [WARN] ModelIntegratedComponent:63 - No mode defined for component null
2024-06-06 21:49:06,862 [WARN] ModelIntegratedComponent:63 - No mode defined for component null
2024-06-06 21:49:06,862 [WARN] ModelIntegratedComponent:63 - No mode defined for component null
2024-06-06 21:49:06,862 [WARN] ModelIntegratedComponent:63 - No mode defined for component null
2024-06-06 21:49:06,862 [WARN] ModelIntegratedComponent:63 - No mode defined for component null
2024-06-06 21:49:06,862 [WARN] ModelIntegratedComponent:63 - No mode defined for component null
2024-06-06 21:49:06,862 [WARN] ModelIntegratedComponent:63 - No mode defined for component null
2024-06-06 21:49:06,862 [WARN] ModelIntegratedComponent:63 - No mode defined for component null
2024-06-06 21:49:06,862 [WARN] ModelIntegratedComponent:63 - No mode defined for component null
2024-06-06 21:49:06,862 [WARN] ModelIntegratedComponent:63 - No mode defined for component null
2024-06-06 21:49:06,862 [WARN] ModelIntegratedComponent:63 - No mode defined for component null
2024-06-06 21:49:06,862 [WARN] ModelIntegratedComponent:63 - No mode defined for component null
2024-06-06 21:49:06,862 [WARN] ModelIntegratedComponent:63 - No mode defined for component null
2024-06-06 21:49:06,862 [WARN] ModelIntegratedComponent:63 - No mode defined for component null
2024-06-06 21:49:06,862 [WARN] ModelIntegratedComponent:63 - No mode defined for component null
2024-06-06 21:49:06,862 [WARN] ModelIntegratedComponent:63 - No mode defined for component null
2024-06-06 21:49:06,862 [WARN] ModelIntegratedComponent:63 - No mode defined for component null
2024-06-06 21:49:06,862 [WARN] ModelIntegratedComponent:63 - No mode defined for component null
2024-06-06 21:49:06,862 [WARN] ModelIntegratedComponent:63 - No mode defined for component null
2024-06-06 21:49:06,862 [WARN] ModelIntegratedComponent:63 - No mode defined for component null
2024-06-06 21:49:06,862 [WARN] ModelIntegratedComponent:63 - No mode defined for component null
2024-06-06 21:49:06,862 [WARN] ModelIntegratedComponent:63 - No mode defined for component null
2024-06-06 21:49:06,862 [WARN] ModelIntegratedComponent:63 - No mode defined for component null
2024-06-06 21:49:06,862 [WARN] ModelIntegratedComponent:63 - No mode defined for component null
2024-06-06 21:49:06,862 [WARN] ModelIntegratedComponent:63 - No mode defined for component null
2024-06-06 21:49:06,862 [WARN] ModelIntegratedComponent:63 - No mode defined for component null
2024-06-06 21:49:06,897 [INFO] ThirdPartyModel:298 - Start build external matchings
2024-06-06 21:49:07,014 [INFO] ThirdPartyModel:316 - End build external matchings
2024-06-06 21:49:07,252 [INFO] UtilMem:75 - End LoadConfig() Used Memory: 624653280 Bytes (1073741824)
2024-06-06 21:49:07,295 [WARN] ThirdParty:833 - waiting for thirdparty lock release [change project]
2024-06-06 21:49:07,295 [INFO] ThirdParty:835 - entering critical section [change project]
2024-06-06 21:49:07,295 [INFO] ThirdParty:1030 - CMSIS Pack Vendor :STMicroelectronics USBPD 4.1
2024-06-06 21:49:07,295 [INFO] ThirdParty:1030 - CMSIS Pack Vendor :STMicroelectronics X-CUBE-GNSS1 6.0.0
2024-06-06 21:49:07,295 [INFO] ThirdParty:1030 - CMSIS Pack Vendor :STMicroelectronics USB_HOST 2.0.0
2024-06-06 21:49:07,295 [INFO] ThirdParty:1030 - CMSIS Pack Vendor :STMicroelectronics FP-SNS-MOTENVWB1 1.4.0
2024-06-06 21:49:07,295 [INFO] ThirdParty:1030 - CMSIS Pack Vendor :STMicroelectronics X-CUBE-AZRTOS-F4 1.1.0
2024-06-06 21:49:07,295 [INFO] ThirdParty:1030 - CMSIS Pack Vendor :STMicroelectronics LIBJPEG 8.0.0
2024-06-06 21:49:07,295 [INFO] ThirdParty:1030 - CMSIS Pack Vendor :STMicroelectronics X-CUBE-SMBUS 2.1.0
2024-06-06 21:49:07,295 [INFO] ThirdParty:1030 - CMSIS Pack Vendor :STMicroelectronics USB_DEVICE 3.0.0
2024-06-06 21:49:07,295 [INFO] ThirdParty:1030 - CMSIS Pack Vendor :STMicroelectronics X-CUBE-TCPP 4.1.0
2024-06-06 21:49:07,295 [INFO] ThirdParty:1030 - CMSIS Pack Vendor :STMicroelectronics X-CUBE-FREERTOS 1.2.0
2024-06-06 21:49:07,295 [INFO] ThirdParty:1030 - CMSIS Pack Vendor :STMicroelectronics X-CUBE-AZRTOS-WB 2.0.0
2024-06-06 21:49:07,295 [INFO] ThirdParty:1030 - CMSIS Pack Vendor :STMicroelectronics X-CUBE-TOUCHGFX 4.23.2
2024-06-06 21:49:07,296 [INFO] ThirdParty:1030 - CMSIS Pack Vendor :STMicroelectronics X-CUBE-AZRTOS-F7 1.1.0
2024-06-06 21:49:07,296 [INFO] ThirdParty:1030 - CMSIS Pack Vendor :STMicroelectronics X-CUBE-AZRTOS-L5 2.0.0
2024-06-06 21:49:07,296 [INFO] ThirdParty:1030 - CMSIS Pack Vendor :STMicroelectronics USB_DEVICE 2.0.0
2024-06-06 21:49:07,296 [INFO] ThirdParty:1030 - CMSIS Pack Vendor :STMicroelectronics X-CUBE-NFC6 3.1.0
2024-06-06 21:49:07,296 [INFO] ThirdParty:1030 - CMSIS Pack Vendor :STMicroelectronics FreeRTOS 0.0.1
2024-06-06 21:49:07,296 [INFO] ThirdParty:1030 - CMSIS Pack Vendor :STMicroelectronics X-CUBE-AZRTOS-G0 1.1.0
2024-06-06 21:49:07,296 [INFO] ThirdParty:1030 - CMSIS Pack Vendor :STMicroelectronics X-CUBE-SAFEA1 1.2.2
2024-06-06 21:49:07,296 [INFO] ThirdParty:1030 - CMSIS Pack Vendor :STMicroelectronics X-CUBE-NFC4 3.0.0
2024-06-06 21:49:07,296 [INFO] ThirdParty:1030 - CMSIS Pack Vendor :STMicroelectronics X-CUBE-SUBG2 5.0.0
2024-06-06 21:49:07,296 [INFO] ThirdParty:1030 - CMSIS Pack Vendor :STMicroelectronics STM32_WPAN 1.0.0
2024-06-06 21:49:07,296 [INFO] ThirdParty:1030 - CMSIS Pack Vendor :wolfSSL I-CUBE-wolfMQTT 1.18.0
2024-06-06 21:49:07,296 [INFO] ThirdParty:1030 - CMSIS Pack Vendor :STMicroelectronics lwIP 2.0.3
2024-06-06 21:49:07,296 [INFO] ThirdParty:1030 - CMSIS Pack Vendor :STMicroelectronics FP-SNS-FLIGHT1 5.0.2
2024-06-06 21:49:07,296 [INFO] ThirdParty:1030 - CMSIS Pack Vendor :Cesanta I-CUBE-Mongoose 7.13.0
2024-06-06 21:49:07,296 [INFO] ThirdParty:1030 - CMSIS Pack Vendor :STMicroelectronics USB_HOST 1.0.0
2024-06-06 21:49:07,296 [INFO] ThirdParty:1030 - CMSIS Pack Vendor :STMicroelectronics X-CUBE-AI 9.0.0
2024-06-06 21:49:07,296 [INFO] ThirdParty:1030 - CMSIS Pack Vendor :STMicroelectronics X-CUBE-AZRTOS-G4 2.0.0
2024-06-06 21:49:07,296 [INFO] ThirdParty:1030 - CMSIS Pack Vendor :STMicroelectronics PDM2PCM 3.1.0
2024-06-06 21:49:07,296 [INFO] ThirdParty:1030 - CMSIS Pack Vendor :STMicroelectronics PDM2PCM 3.3.0
2024-06-06 21:49:07,296 [INFO] ThirdParty:1030 - CMSIS Pack Vendor :STMicroelectronics X-CUBE-DISPLAY 3.0.0
2024-06-06 21:49:07,296 [INFO] ThirdParty:1030 - CMSIS Pack Vendor :wolfSSL I-CUBE-wolfSSL 5.7.0
2024-06-06 21:49:07,296 [INFO] ThirdParty:1030 - CMSIS Pack Vendor :STMicroelectronics X-CUBE-BLE1 7.0.0
2024-06-06 21:49:07,296 [INFO] ThirdParty:1030 - CMSIS Pack Vendor :STMicroelectronics FP-ATR-SIGFOX1 3.2.0
2024-06-06 21:49:07,296 [INFO] ThirdParty:1030 - CMSIS Pack Vendor :STMicroelectronics X-CUBE-ISPU 2.0.0
2024-06-06 21:49:07,296 [INFO] ThirdParty:1030 - CMSIS Pack Vendor :STMicroelectronics X-CUBE-EEPRMA1 5.1.0
2024-06-06 21:49:07,296 [INFO] ThirdParty:1030 - CMSIS Pack Vendor :STMicroelectronics HAL Drivers 0.0.0
2024-06-06 21:49:07,296 [INFO] ThirdParty:1030 - CMSIS Pack Vendor :STMicroelectronics MBEDTLS 2.16.2
2024-06-06 21:49:07,296 [INFO] ThirdParty:1030 - CMSIS Pack Vendor :STMicroelectronics X-CUBE-ALS 1.0.2
2024-06-06 21:49:07,296 [INFO] ThirdParty:1030 - CMSIS Pack Vendor :emotas I-CUBE-CANOPEN 1.3.0
2024-06-06 21:49:07,296 [INFO] ThirdParty:1030 - CMSIS Pack Vendor :STMicroelectronics X-CUBE-MEMS1 10.0.0
2024-06-06 21:49:07,296 [INFO] ThirdParty:1030 - CMSIS Pack Vendor :STMicroelectronics X-CUBE-NFC7 1.0.1
2024-06-06 21:49:07,296 [INFO] ThirdParty:1030 - CMSIS Pack Vendor :STMicroelectronics MBEDTLS 2.14.1
2024-06-06 21:49:07,296 [INFO] ThirdParty:1030 - CMSIS Pack Vendor :ITTIA_DB I-CUBE-ITTIADB 8.9.0
2024-06-06 21:49:07,296 [INFO] ThirdParty:1030 - CMSIS Pack Vendor :portGmbH I-Cube-SoM-uGOAL 1.1.0
2024-06-06 21:49:07,296 [INFO] ThirdParty:1030 - CMSIS Pack Vendor :STMicroelectronics X-CUBE-BLEMGR 3.1.0
2024-06-06 21:49:07,296 [INFO] ThirdParty:1030 - CMSIS Pack Vendor :STMicroelectronics ThreadX 1.0.0
2024-06-06 21:49:07,296 [INFO] ThirdParty:1030 - CMSIS Pack Vendor :STMicroelectronics FP-SNS-SMARTAG2 1.2.0
2024-06-06 21:49:07,296 [INFO] ThirdParty:1030 - CMSIS Pack Vendor :STMicroelectronics X-CUBE-AZRTOS-WL 2.0.0
2024-06-06 21:49:07,296 [INFO] ThirdParty:1030 - CMSIS Pack Vendor :SEGGER I-CUBE-embOS 1.3.1
2024-06-06 21:49:07,296 [INFO] ThirdParty:1030 - CMSIS Pack Vendor :STMicroelectronics X-CUBE-ALGOBUILD 1.4.0
2024-06-06 21:49:07,296 [INFO] ThirdParty:1030 - CMSIS Pack Vendor :STMicroelectronics FP-SNS-MOTENV1 5.0.0
2024-06-06 21:49:07,297 [INFO] ThirdParty:1030 - CMSIS Pack Vendor :STMicroelectronics USB_DEVICE 1.0.0
2024-06-06 21:49:07,297 [INFO] ThirdParty:1030 - CMSIS Pack Vendor :STMicroelectronics X-CUBE-AZRTOS-H7RS 1.0.0
2024-06-06 21:49:07,297 [INFO] ThirdParty:1030 - CMSIS Pack Vendor :STMicroelectronics X-CUBE-AZRTOS-L4 2.0.0
2024-06-06 21:49:07,297 [INFO] ThirdParty:1030 - CMSIS Pack Vendor :STMicroelectronics ThreadX 0.0.2
2024-06-06 21:49:07,297 [INFO] ThirdParty:1030 - CMSIS Pack Vendor :WES I-CUBE-Cesium 1.3.0
2024-06-06 21:49:07,297 [INFO] ThirdParty:1030 - CMSIS Pack Vendor :STMicroelectronics FP-ATR-ASTRA1 2.0.0
2024-06-06 21:49:07,297 [INFO] ThirdParty:1030 - CMSIS Pack Vendor :STMicroelectronics lwIP 2.1.2
2024-06-06 21:49:07,297 [INFO] ThirdParty:1030 - CMSIS Pack Vendor :STMicroelectronics X-CUBE-SFXS2LP1 4.0.0
2024-06-06 21:49:07,297 [INFO] ThirdParty:1030 - CMSIS Pack Vendor :STMicroelectronics X-CUBE-BLE2 3.3.0
2024-06-06 21:49:07,297 [INFO] ThirdParty:1030 - CMSIS Pack Vendor :STMicroelectronics X-CUBE-TOF1 3.4.1
2024-06-06 21:49:07,297 [INFO] ThirdParty:1030 - CMSIS Pack Vendor :STMicroelectronics X-CUBE-AZRTOS-H7 3.2.0
2024-06-06 21:49:07,297 [INFO] ThirdParty:1030 - CMSIS Pack Vendor :Infineon AIROC-Wi-Fi-Bluetooth-STM32 1.6.0
2024-06-06 21:49:07,297 [INFO] ThirdParty:1030 - CMSIS Pack Vendor :STMicroelectronics PDM2PCM 3.2.0
2024-06-06 21:49:07,297 [INFO] ThirdParty:841 - exiting critical section [change project]
2024-06-06 21:49:07,420 [INFO] PinOutPanel:1561 - setPackage(No Configuration,No Configuration)
2024-06-06 21:49:07,421 [INFO] PinOutPanel:1561 - setPackage(STM32F446ZETx,LQFP144)
2024-06-06 21:49:07,534 [INFO] UtilMem:75 - Before build in PCC Used Memory: 855663408 Bytes (1073741824)
2024-06-06 21:49:07,634 [INFO] UtilMem:75 - After build in PCC Used Memory: 904424256 Bytes (1073741824)
2024-06-06 21:49:07,652 [INFO] IPUIPlugin:80 - create IPUIPlugin
2024-06-06 21:49:07,652 [INFO] IPUIPlugin:80 - create IPUIPlugin
2024-06-06 21:49:07,652 [INFO] IPUIPlugin:80 - create IPUIPlugin
2024-06-06 21:49:07,652 [INFO] IPUIPlugin:80 - create IPUIPlugin
2024-06-06 21:49:07,652 [INFO] IPUIPlugin:80 - create IPUIPlugin
2024-06-06 21:49:07,652 [INFO] IPUIPlugin:80 - create IPUIPlugin
2024-06-06 21:49:07,652 [INFO] IPUIPlugin:80 - create IPUIPlugin
2024-06-06 21:49:07,652 [INFO] IPUIPlugin:80 - create IPUIPlugin
2024-06-06 21:49:07,652 [INFO] IPUIPlugin:80 - create IPUIPlugin
2024-06-06 21:49:07,652 [INFO] IPUIPlugin:80 - create IPUIPlugin
2024-06-06 21:49:07,652 [INFO] IPUIPlugin:80 - create IPUIPlugin
2024-06-06 21:49:07,652 [INFO] IPUIPlugin:80 - create IPUIPlugin
2024-06-06 21:49:07,653 [INFO] IPUIPlugin:80 - create IPUIPlugin
2024-06-06 21:49:07,653 [INFO] IPUIPlugin:80 - create IPUIPlugin
2024-06-06 21:49:07,653 [INFO] IPUIPlugin:80 - create IPUIPlugin
2024-06-06 21:49:07,653 [INFO] IPUIPlugin:80 - create IPUIPlugin
2024-06-06 21:49:07,653 [INFO] IPUIPlugin:80 - create IPUIPlugin
2024-06-06 21:49:07,653 [INFO] IPUIPlugin:80 - create IPUIPlugin
2024-06-06 21:49:07,653 [INFO] IPUIPlugin:80 - create IPUIPlugin
2024-06-06 21:49:07,653 [INFO] IPUIPlugin:80 - create IPUIPlugin
2024-06-06 21:49:07,653 [INFO] IPUIPlugin:80 - create IPUIPlugin
2024-06-06 21:49:07,653 [INFO] IPUIPlugin:80 - create IPUIPlugin
2024-06-06 21:49:07,653 [INFO] IPUIPlugin:80 - create IPUIPlugin
2024-06-06 21:49:07,653 [INFO] IPUIPlugin:80 - create IPUIPlugin
2024-06-06 21:49:07,655 [INFO] IPUIPlugin:80 - create IPUIPlugin
2024-06-06 21:49:07,655 [INFO] IPUIPlugin:80 - create IPUIPlugin
2024-06-06 21:49:07,655 [INFO] IPUIPlugin:80 - create IPUIPlugin
2024-06-06 21:49:07,655 [INFO] IPUIPlugin:80 - create IPUIPlugin
2024-06-06 21:49:07,655 [INFO] IPUIPlugin:80 - create IPUIPlugin
2024-06-06 21:49:07,656 [INFO] IPUIPlugin:80 - create IPUIPlugin
2024-06-06 21:49:07,656 [INFO] IPUIPlugin:80 - create IPUIPlugin
2024-06-06 21:49:07,656 [INFO] IPUIPlugin:80 - create IPUIPlugin
2024-06-06 21:49:07,656 [INFO] IPUIPlugin:80 - create IPUIPlugin
2024-06-06 21:49:07,656 [INFO] IPUIPlugin:80 - create IPUIPlugin
2024-06-06 21:49:07,656 [INFO] IPUIPlugin:80 - create IPUIPlugin
2024-06-06 21:49:07,656 [INFO] IPUIPlugin:80 - create IPUIPlugin
2024-06-06 21:49:07,656 [INFO] IPUIPlugin:80 - create IPUIPlugin
2024-06-06 21:49:07,656 [INFO] IPUIPlugin:80 - create IPUIPlugin
2024-06-06 21:49:07,656 [INFO] IPUIPlugin:80 - create IPUIPlugin
2024-06-06 21:49:07,657 [INFO] IPUIPlugin:80 - create IPUIPlugin
2024-06-06 21:49:07,657 [INFO] IPUIPlugin:80 - create IPUIPlugin
2024-06-06 21:49:07,657 [INFO] IPUIPlugin:80 - create IPUIPlugin
2024-06-06 21:49:07,657 [INFO] IPUIPlugin:80 - create IPUIPlugin
2024-06-06 21:49:07,657 [INFO] IPUIPlugin:80 - create IPUIPlugin
2024-06-06 21:49:07,657 [INFO] IPUIPlugin:80 - create IPUIPlugin
2024-06-06 21:49:07,657 [INFO] IPUIPlugin:80 - create IPUIPlugin
2024-06-06 21:49:07,657 [INFO] IPUIPlugin:80 - create IPUIPlugin
2024-06-06 21:49:07,657 [INFO] IPUIPlugin:80 - create IPUIPlugin
2024-06-06 21:49:07,657 [INFO] IPUIPlugin:80 - create IPUIPlugin
2024-06-06 21:49:07,658 [INFO] IPUIPlugin:80 - create IPUIPlugin
2024-06-06 21:49:07,658 [INFO] IPUIPlugin:80 - create IPUIPlugin
2024-06-06 21:49:07,658 [INFO] IPUIPlugin:80 - create IPUIPlugin
2024-06-06 21:49:07,658 [INFO] IPUIPlugin:80 - create IPUIPlugin
2024-06-06 21:49:07,658 [INFO] IPUIPlugin:80 - create IPUIPlugin
2024-06-06 21:49:07,658 [INFO] IPUIPlugin:80 - create IPUIPlugin
2024-06-06 21:49:07,658 [INFO] IPUIPlugin:80 - create IPUIPlugin
2024-06-06 21:49:07,658 [INFO] IPUIPlugin:80 - create IPUIPlugin
2024-06-06 21:49:07,659 [INFO] IPUIPlugin:80 - create IPUIPlugin
2024-06-06 21:49:07,659 [INFO] IPUIPlugin:80 - create IPUIPlugin
2024-06-06 21:49:07,659 [INFO] IPUIPlugin:80 - create IPUIPlugin
2024-06-06 21:49:07,659 [INFO] IPUIPlugin:80 - create IPUIPlugin
2024-06-06 21:49:07,659 [INFO] IPUIPlugin:80 - create IPUIPlugin
2024-06-06 21:49:07,659 [INFO] IPUIPlugin:80 - create IPUIPlugin
2024-06-06 21:49:07,661 [INFO] ApiDbMcu:508 - Load IP Config File for PDM2PCM
2024-06-06 21:49:07,673 [INFO] CADModel:165 - CPN selected for project levelSTM32F446ZET6
2024-06-06 21:49:07,673 [INFO] CADModel:114 - Register for checkConnection events
2024-06-06 21:49:07,750 [INFO] OpenFileManager:343 - Restore cursor
2024-06-06 21:52:24,542 [INFO] MainUpdater:2873 - connection check result : 10
2024-06-06 21:52:24,721 [INFO] McuFinderGlobals:76 - Set McuFinderConnectedMode to true
2024-06-06 21:52:24,726 [INFO] MultiScanPanel:200 - Auto-refresh data requested => check proxy status ongoing
2024-06-06 21:52:24,727 [INFO] FinderPluginLoader:95 - Searching for filters in installed packs
2024-06-06 21:52:25,363 [INFO] LoadUrlFilesThread:185 - End of LoadServerUrlFiles without Thread
2024-06-06 21:52:25,369 [INFO] DetailPanel:341 - Set advertising image to C:/Users/z0976/STM32Cube/Repository/\en.prom-stm32h7rs-mcu-finder.jpg
2024-06-06 21:52:43,063 [INFO] McuFinderGlobals:76 - Set McuFinderConnectedMode to true
2024-06-06 21:52:43,066 [INFO] ApiDb:448 - Save user favorites file C:\Users\z0976/.stm32cubeide/favorites.mcus.txt: 1 item(s)
2024-06-06 21:52:43,067 [INFO] ApiDb:452 - User favorites MCUs=[STM32F446ZET6]
